ERROR - 2023-09-30 02:19:19 --> mysqli_sql_exception: Display width out of range for column 'harga_produk' (max = 255) in /storage/emulated/0/applications/ci4/vendor/codeigniter4/framework/system/Database/MySQLi/Connection.php:306
Stack trace:
#0 /storage/emulated/0/applications/ci4/vendor/codeigniter4/framework/system/Database/MySQLi/Connection.php(306): mysqli->query('CREATE TABLE `p...', 0)
#1 /storage/emulated/0/applications/ci4/vendor/codeigniter4/framework/system/Database/BaseConnection.php(692): CodeIgniter\Database\MySQLi\Connection->execute('CREATE TABLE `p...')
#2 /storage/emulated/0/applications/ci4/vendor/codeigniter4/framework/system/Database/BaseConnection.php(606): CodeIgniter\Database\BaseConnection->simpleQuery('CREATE TABLE `p...')
#3 /storage/emulated/0/applications/ci4/vendor/codeigniter4/framework/system/Database/Forge.php(546): CodeIgniter\Database\BaseConnection->query('CREATE TABLE `p...')
#4 /storage/emulated/0/applications/ci4/app/Database/Migrations/2023-09-30-015909_Product.php(60): CodeIgniter\Database\Forge->createTable('product')
#5 /storage/emulated/0/applications/ci4/vendor/codeigniter4/framework/system/Database/MigrationRunner.php(877): App\Database\Migrations\Product->up()
#6 /storage/emulated/0/applications/ci4/vendor/codeigniter4/framework/system/Database/MigrationRunner.php(188): CodeIgniter\Database\MigrationRunner->migrate('up', Object(stdClass))
#7 /storage/emulated/0/applications/ci4/vendor/codeigniter4/framework/system/Commands/Database/Migrate.php(84): CodeIgniter\Database\MigrationRunner->latest(NULL)
#8 /storage/emulated/0/applications/ci4/vendor/codeigniter4/framework/system/CLI/Commands.php(65): CodeIgniter\Commands\Database\Migrate->run(Array)
#9 /storage/emulated/0/applications/ci4/vendor/codeigniter4/framework/system/CLI/Console.php(37): CodeIgniter\CLI\Commands->run('migrate', Array)
#10 /storage/emulated/0/applications/ci4/spark(102): CodeIgniter\CLI\Console->run()
#11 {main}
CRITICAL - 2023-09-30 02:27:37 --> syntax error, unexpected token "public", expecting "," or ";"
in VENDORPATH/myth/auth/src/Config/Auth.php on line 202.
 1 SYSTEMPATH/Autoloader/Autoloader.php(250): CodeIgniter\Autoloader\Autoloader->includeFile('/storage/emulated/0/applications/ci4/vendor/composer/../myth/auth/src/Config/Auth.php')
 2 [internal function]: CodeIgniter\Autoloader\Autoloader->loadClassmap('Myth\\Auth\\Config\\Auth')
 3 SYSTEMPATH/Config/Factories.php(277): class_exists('Myth\\Auth\\Config\\Auth')
 4 SYSTEMPATH/Config/Factories.php(196): CodeIgniter\Config\Factories::locateClass([...], 'Myth\\Auth\\Config\\Auth')
 5 SYSTEMPATH/Config/Factories.php(155): CodeIgniter\Config\Factories::getDefinedInstance([...], 'Myth\\Auth\\Config\\Auth', [])
 6 SYSTEMPATH/Common.php(217): CodeIgniter\Config\Factories::__callStatic('config', [])
 7 VENDORPATH/myth/auth/src/Config/Routes.php(13): config('Myth\\Auth\\Config\\Auth')
 8 SYSTEMPATH/Router/RouteCollection.php(772): CodeIgniter\Router\RouteCollection::Myth\Auth\Config\{closure}(Object(CodeIgniter\Router\RouteCollection))
 9 VENDORPATH/myth/auth/src/Config/Routes.php(11): CodeIgniter\Router\RouteCollection->group('', [...], Object(Closure))
10 SYSTEMPATH/Router/RouteCollection.php(372): include('/storage/emulated/0/applications/ci4/vendor/myth/auth/src/Config/Routes.php')
11 SYSTEMPATH/Router/RouteCollection.php(342): CodeIgniter\Router\RouteCollection->discoverRoutes()
12 SYSTEMPATH/CodeIgniter.php(787): CodeIgniter\Router\RouteCollection->loadRoutes()
13 SYSTEMPATH/CodeIgniter.php(442): CodeIgniter\CodeIgniter->tryToRouteIt(null)
14 SYSTEMPATH/CodeIgniter.php(353): CodeIgniter\CodeIgniter->handleRequest(null, Object(Config\Cache), false)
15 FCPATH/index.php(79): CodeIgniter\CodeIgniter->run()
16 SYSTEMPATH/Commands/Server/rewrite.php(47): require_once('/storage/emulated/0/applications/ci4/public/index.php')
CRITICAL - 2023-09-30 02:27:42 --> syntax error, unexpected token "public", expecting "," or ";"
in VENDORPATH/myth/auth/src/Config/Auth.php on line 202.
 1 SYSTEMPATH/Autoloader/Autoloader.php(250): CodeIgniter\Autoloader\Autoloader->includeFile('/storage/emulated/0/applications/ci4/vendor/composer/../myth/auth/src/Config/Auth.php')
 2 [internal function]: CodeIgniter\Autoloader\Autoloader->loadClassmap('Myth\\Auth\\Config\\Auth')
 3 SYSTEMPATH/Config/Factories.php(277): class_exists('Myth\\Auth\\Config\\Auth')
 4 SYSTEMPATH/Config/Factories.php(196): CodeIgniter\Config\Factories::locateClass([...], 'Myth\\Auth\\Config\\Auth')
 5 SYSTEMPATH/Config/Factories.php(155): CodeIgniter\Config\Factories::getDefinedInstance([...], 'Myth\\Auth\\Config\\Auth', [])
 6 SYSTEMPATH/Common.php(217): CodeIgniter\Config\Factories::__callStatic('config', [])
 7 VENDORPATH/myth/auth/src/Config/Routes.php(13): config('Myth\\Auth\\Config\\Auth')
 8 SYSTEMPATH/Router/RouteCollection.php(772): CodeIgniter\Router\RouteCollection::Myth\Auth\Config\{closure}(Object(CodeIgniter\Router\RouteCollection))
 9 VENDORPATH/myth/auth/src/Config/Routes.php(11): CodeIgniter\Router\RouteCollection->group('', [...], Object(Closure))
10 SYSTEMPATH/Router/RouteCollection.php(372): include('/storage/emulated/0/applications/ci4/vendor/myth/auth/src/Config/Routes.php')
11 SYSTEMPATH/Router/RouteCollection.php(342): CodeIgniter\Router\RouteCollection->discoverRoutes()
12 SYSTEMPATH/CodeIgniter.php(787): CodeIgniter\Router\RouteCollection->loadRoutes()
13 SYSTEMPATH/CodeIgniter.php(442): CodeIgniter\CodeIgniter->tryToRouteIt(null)
14 SYSTEMPATH/CodeIgniter.php(353): CodeIgniter\CodeIgniter->handleRequest(null, Object(Config\Cache), false)
15 FCPATH/index.php(79): CodeIgniter\CodeIgniter->run()
16 SYSTEMPATH/Commands/Server/rewrite.php(47): require_once('/storage/emulated/0/applications/ci4/public/index.php')
CRITICAL - 2023-09-30 02:28:04 --> syntax error, unexpected token "public", expecting "," or ";"
in VENDORPATH/myth/auth/src/Config/Auth.php on line 202.
 1 SYSTEMPATH/Autoloader/Autoloader.php(250): CodeIgniter\Autoloader\Autoloader->includeFile('/storage/emulated/0/applications/ci4/vendor/composer/../myth/auth/src/Config/Auth.php')
 2 [internal function]: CodeIgniter\Autoloader\Autoloader->loadClassmap('Myth\\Auth\\Config\\Auth')
 3 SYSTEMPATH/Config/Factories.php(277): class_exists('Myth\\Auth\\Config\\Auth')
 4 SYSTEMPATH/Config/Factories.php(196): CodeIgniter\Config\Factories::locateClass([...], 'Myth\\Auth\\Config\\Auth')
 5 SYSTEMPATH/Config/Factories.php(155): CodeIgniter\Config\Factories::getDefinedInstance([...], 'Myth\\Auth\\Config\\Auth', [])
 6 SYSTEMPATH/Common.php(217): CodeIgniter\Config\Factories::__callStatic('config', [])
 7 VENDORPATH/myth/auth/src/Config/Routes.php(13): config('Myth\\Auth\\Config\\Auth')
 8 SYSTEMPATH/Router/RouteCollection.php(772): CodeIgniter\Router\RouteCollection::Myth\Auth\Config\{closure}(Object(CodeIgniter\Router\RouteCollection))
 9 VENDORPATH/myth/auth/src/Config/Routes.php(11): CodeIgniter\Router\RouteCollection->group('', [...], Object(Closure))
10 SYSTEMPATH/Router/RouteCollection.php(372): include('/storage/emulated/0/applications/ci4/vendor/myth/auth/src/Config/Routes.php')
11 SYSTEMPATH/Router/RouteCollection.php(342): CodeIgniter\Router\RouteCollection->discoverRoutes()
12 SYSTEMPATH/CodeIgniter.php(787): CodeIgniter\Router\RouteCollection->loadRoutes()
13 SYSTEMPATH/CodeIgniter.php(442): CodeIgniter\CodeIgniter->tryToRouteIt(null)
14 SYSTEMPATH/CodeIgniter.php(353): CodeIgniter\CodeIgniter->handleRequest(null, Object(Config\Cache), false)
15 FCPATH/index.php(79): CodeIgniter\CodeIgniter->run()
16 SYSTEMPATH/Commands/Server/rewrite.php(47): require_once('/storage/emulated/0/applications/ci4/public/index.php')
CRITICAL - 2023-09-30 02:36:28 --> Undefined constant "baseURL"
in APPPATH/Views/Home/layout/layout.php on line 7.
 1 SYSTEMPATH/View/View.php(226): include()
 2 SYSTEMPATH/View/View.php(229): CodeIgniter\View\View->CodeIgniter\View\{closure}()
 3 SYSTEMPATH/View/View.php(242): CodeIgniter\View\View->render('Home/layout/layout', [], true)
 4 SYSTEMPATH/Common.php(1188): CodeIgniter\View\View->render('Home/view/v_home', [], true)
 5 APPPATH/Controllers/Home.php(12): view('Home/view/v_home', [...])
 6 SYSTEMPATH/CodeIgniter.php(919): App\Controllers\Home->index()
 7 SYSTEMPATH/CodeIgniter.php(494): CodeIgniter\CodeIgniter->runController(Object(App\Controllers\Home))
 8 SYSTEMPATH/CodeIgniter.php(353): CodeIgniter\CodeIgniter->handleRequest(null, Object(Config\Cache), false)
 9 FCPATH/index.php(79): CodeIgniter\CodeIgniter->run()
10 SYSTEMPATH/Commands/Server/rewrite.php(47): require_once('/storage/emulated/0/applications/ci4/public/index.php')
CRITICAL - 2023-09-30 02:36:48 --> Call to undefined function baseURL()
in APPPATH/Views/Home/layout/layout.php on line 7.
 1 SYSTEMPATH/View/View.php(226): include()
 2 SYSTEMPATH/View/View.php(229): CodeIgniter\View\View->CodeIgniter\View\{closure}()
 3 SYSTEMPATH/View/View.php(242): CodeIgniter\View\View->render('Home/layout/layout', [], true)
 4 SYSTEMPATH/Common.php(1188): CodeIgniter\View\View->render('Home/view/v_home', [], true)
 5 APPPATH/Controllers/Home.php(12): view('Home/view/v_home', [...])
 6 SYSTEMPATH/CodeIgniter.php(919): App\Controllers\Home->index()
 7 SYSTEMPATH/CodeIgniter.php(494): CodeIgniter\CodeIgniter->runController(Object(App\Controllers\Home))
 8 SYSTEMPATH/CodeIgniter.php(353): CodeIgniter\CodeIgniter->handleRequest(null, Object(Config\Cache), false)
 9 FCPATH/index.php(79): CodeIgniter\CodeIgniter->run()
10 SYSTEMPATH/Commands/Server/rewrite.php(47): require_once('/storage/emulated/0/applications/ci4/public/index.php')
CRITICAL - 2023-09-30 05:42:06 --> syntax error, unexpected token "}", expecting ";"
in APPPATH/Controllers/Home.php on line 18.
 1 SYSTEMPATH/Autoloader/Autoloader.php(285): CodeIgniter\Autoloader\Autoloader->includeFile('/storage/emulated/0/applications/ci4/app/Controllers/Home.php')
 2 SYSTEMPATH/Autoloader/Autoloader.php(263): CodeIgniter\Autoloader\Autoloader->loadInNamespace('App\\Controllers\\Home')
 3 [internal function]: CodeIgniter\Autoloader\Autoloader->loadClass('App\\Controllers\\Home')
 4 SYSTEMPATH/CodeIgniter.php(877): class_exists('\\App\\Controllers\\Home', true)
 5 SYSTEMPATH/CodeIgniter.php(481): CodeIgniter\CodeIgniter->startController()
 6 SYSTEMPATH/CodeIgniter.php(353): CodeIgniter\CodeIgniter->handleRequest(null, Object(Config\Cache), false)
 7 FCPATH/index.php(79): CodeIgniter\CodeIgniter->run()
 8 SYSTEMPATH/Commands/Server/rewrite.php(47): require_once('/storage/emulated/0/applications/ci4/public/index.php')
ERROR - 2023-09-30 06:50:04 --> mysqli_sql_exception: You have an error in your SQL syntax; check the manual that corresponds to your MySQL server version for the right syntax to use near '0) VALUES (:0:)' at line 1 in /storage/emulated/0/applications/ci4/vendor/codeigniter4/framework/system/Database/MySQLi/Connection.php:306
Stack trace:
#0 /storage/emulated/0/applications/ci4/vendor/codeigniter4/framework/system/Database/MySQLi/Connection.php(306): mysqli->query('INSERT INTO `pr...', 0)
#1 /storage/emulated/0/applications/ci4/vendor/codeigniter4/framework/system/Database/BaseConnection.php(692): CodeIgniter\Database\MySQLi\Connection->execute('INSERT INTO `pr...')
#2 /storage/emulated/0/applications/ci4/vendor/codeigniter4/framework/system/Database/BaseConnection.php(606): CodeIgniter\Database\BaseConnection->simpleQuery('INSERT INTO `pr...')
#3 /storage/emulated/0/applications/ci4/vendor/codeigniter4/framework/system/Database/BaseBuilder.php(2308): CodeIgniter\Database\BaseConnection->query('INSERT INTO `pr...', Array, false)
#4 /storage/emulated/0/applications/ci4/app/Database/Seeds/ProductSeeder.php(29): CodeIgniter\Database\BaseBuilder->insert(Array)
#5 /storage/emulated/0/applications/ci4/vendor/codeigniter4/framework/system/Database/Seeder.php(146): App\Database\Seeds\ProductSeeder->run()
#6 /storage/emulated/0/applications/ci4/vendor/codeigniter4/framework/system/Commands/Database/Seed.php(77): CodeIgniter\Database\Seeder->call('App\\Database\\Se...')
#7 /storage/emulated/0/applications/ci4/vendor/codeigniter4/framework/system/CLI/Commands.php(65): CodeIgniter\Commands\Database\Seed->run(Array)
#8 /storage/emulated/0/applications/ci4/vendor/codeigniter4/framework/system/CLI/Console.php(37): CodeIgniter\CLI\Commands->run('db:seed', Array)
#9 /storage/emulated/0/applications/ci4/spark(102): CodeIgniter\CLI\Console->run()
#10 {main}
CRITICAL - 2023-09-30 07:20:06 --> syntax error, unexpected identifier "findAll", expecting ";"
in APPPATH/Models/ProductModel.php on line 24.
 1 SYSTEMPATH/Autoloader/Autoloader.php(285): CodeIgniter\Autoloader\Autoloader->includeFile('/storage/emulated/0/applications/ci4/app/Models/ProductModel.php')
 2 SYSTEMPATH/Autoloader/Autoloader.php(263): CodeIgniter\Autoloader\Autoloader->loadInNamespace('App\\Models\\ProductModel')
 3 APPPATH/Controllers/Home.php(10): CodeIgniter\Autoloader\Autoloader->loadClass('App\\Models\\ProductModel')
 4 SYSTEMPATH/CodeIgniter.php(891): App\Controllers\Home->__construct()
 5 SYSTEMPATH/CodeIgniter.php(485): CodeIgniter\CodeIgniter->createController()
 6 SYSTEMPATH/CodeIgniter.php(353): CodeIgniter\CodeIgniter->handleRequest(null, Object(Config\Cache), false)
 7 FCPATH/index.php(79): CodeIgniter\CodeIgniter->run()
 8 SYSTEMPATH/Commands/Server/rewrite.php(47): require_once('/storage/emulated/0/applications/ci4/public/index.php')
CRITICAL - 2023-09-30 07:20:26 --> Trying to access array offset on value of type null
in APPPATH/Views/Home/components/card.php on line 11.
 1 APPPATH/Views/Home/components/card.php(11): CodeIgniter\Debug\Exceptions->errorHandler(2, 'Trying to access array offset on value of type null', '/storage/emulated/0/applications/ci4/app/Views/Home/components/card.php', 11)
 2 SYSTEMPATH/View/View.php(226): include('/storage/emulated/0/applications/ci4/app/Views/Home/components/card.php')
 3 SYSTEMPATH/View/View.php(229): CodeIgniter\View\View->CodeIgniter\View\{closure}()
 4 SYSTEMPATH/View/View.php(467): CodeIgniter\View\View->render('Home/components/card', null, true)
 5 APPPATH/Views/Home/view/v_home.php(5): CodeIgniter\View\View->include('Home/components/card')
 6 SYSTEMPATH/View/View.php(226): include('/storage/emulated/0/applications/ci4/app/Views/Home/view/v_home.php')
 7 SYSTEMPATH/View/View.php(229): CodeIgniter\View\View->CodeIgniter\View\{closure}()
 8 SYSTEMPATH/Common.php(1188): CodeIgniter\View\View->render('Home/view/v_home', [], true)
 9 APPPATH/Controllers/Home.php(18): view('Home/view/v_home', [...])
10 SYSTEMPATH/CodeIgniter.php(919): App\Controllers\Home->index()
11 SYSTEMPATH/CodeIgniter.php(494): CodeIgniter\CodeIgniter->runController(Object(App\Controllers\Home))
12 SYSTEMPATH/CodeIgniter.php(353): CodeIgniter\CodeIgniter->handleRequest(null, Object(Config\Cache), false)
13 FCPATH/index.php(79): CodeIgniter\CodeIgniter->run()
14 SYSTEMPATH/Commands/Server/rewrite.php(47): require_once('/storage/emulated/0/applications/ci4/public/index.php')
CRITICAL - 2023-09-30 12:00:09 --> Undefined variable $product
in APPPATH/Views/Home/components/card.php on line 9.
 1 APPPATH/Views/Home/components/card.php(9): CodeIgniter\Debug\Exceptions->errorHandler(2, 'Undefined variable $product', '/storage/emulated/0/applications/ci4/app/Views/Home/components/card.php', 9)
 2 SYSTEMPATH/View/View.php(226): include('/storage/emulated/0/applications/ci4/app/Views/Home/components/card.php')
 3 SYSTEMPATH/View/View.php(229): CodeIgniter\View\View->CodeIgniter\View\{closure}()
 4 SYSTEMPATH/View/View.php(467): CodeIgniter\View\View->render('Home/components/card', null, true)
 5 APPPATH/Views/Home/view/v_order.php(4): CodeIgniter\View\View->include('Home/components/card')
 6 SYSTEMPATH/View/View.php(226): include('/storage/emulated/0/applications/ci4/app/Views/Home/view/v_order.php')
 7 SYSTEMPATH/View/View.php(229): CodeIgniter\View\View->CodeIgniter\View\{closure}()
 8 SYSTEMPATH/Common.php(1188): CodeIgniter\View\View->render('Home/view/v_order', [], true)
 9 APPPATH/Controllers/Home.php(23): view('Home/view/v_order', [...])
10 SYSTEMPATH/CodeIgniter.php(919): App\Controllers\Home->order()
11 SYSTEMPATH/CodeIgniter.php(494): CodeIgniter\CodeIgniter->runController(Object(App\Controllers\Home))
12 SYSTEMPATH/CodeIgniter.php(353): CodeIgniter\CodeIgniter->handleRequest(null, Object(Config\Cache), false)
13 FCPATH/index.php(79): CodeIgniter\CodeIgniter->run()
14 SYSTEMPATH/Commands/Server/rewrite.php(47): require_once('/storage/emulated/0/applications/ci4/public/index.php')
CRITICAL - 2023-09-30 12:33:39 --> foreach() argument must be of type array|object, null given
in APPPATH/Views/Home/components/card.php on line 2.
 1 APPPATH/Views/Home/components/card.php(2): CodeIgniter\Debug\Exceptions->errorHandler(2, 'foreach() argument must be of type array|object, null given', '/storage/emulated/0/applications/ci4/app/Views/Home/components/card.php', 2)
 2 SYSTEMPATH/View/View.php(226): include('/storage/emulated/0/applications/ci4/app/Views/Home/components/card.php')
 3 SYSTEMPATH/View/View.php(229): CodeIgniter\View\View->CodeIgniter\View\{closure}()
 4 SYSTEMPATH/View/View.php(467): CodeIgniter\View\View->render('Home/components/card', null, true)
 5 APPPATH/Views/Home/view/v_order.php(5): CodeIgniter\View\View->include('Home/components/card')
 6 SYSTEMPATH/View/View.php(226): include('/storage/emulated/0/applications/ci4/app/Views/Home/view/v_order.php')
 7 SYSTEMPATH/View/View.php(229): CodeIgniter\View\View->CodeIgniter\View\{closure}()
 8 SYSTEMPATH/Common.php(1188): CodeIgniter\View\View->render('Home/view/v_order', [], true)
 9 APPPATH/Controllers/Home.php(29): view('Home/view/v_order', [...])
10 SYSTEMPATH/CodeIgniter.php(919): App\Controllers\Home->order()
11 SYSTEMPATH/CodeIgniter.php(494): CodeIgniter\CodeIgniter->runController(Object(App\Controllers\Home))
12 SYSTEMPATH/CodeIgniter.php(353): CodeIgniter\CodeIgniter->handleRequest(null, Object(Config\Cache), false)
13 FCPATH/index.php(79): CodeIgniter\CodeIgniter->run()
14 SYSTEMPATH/Commands/Server/rewrite.php(47): require_once('/storage/emulated/0/applications/ci4/public/index.php')
CRITICAL - 2023-09-30 12:45:51 --> syntax error, unexpected token "="
in APPPATH/Views/Home/components/search.php on line 3.
 1 SYSTEMPATH/View/View.php(229): CodeIgniter\View\View->CodeIgniter\View\{closure}()
 2 SYSTEMPATH/View/View.php(467): CodeIgniter\View\View->render('Home/components/search', null, true)
 3 APPPATH/Views/Home/view/v_order.php(4): CodeIgniter\View\View->include('Home/components/search')
 4 SYSTEMPATH/View/View.php(226): include('/storage/emulated/0/applications/ci4/app/Views/Home/view/v_order.php')
 5 SYSTEMPATH/View/View.php(229): CodeIgniter\View\View->CodeIgniter\View\{closure}()
 6 SYSTEMPATH/Common.php(1188): CodeIgniter\View\View->render('Home/view/v_order', [], true)
 7 APPPATH/Controllers/Home.php(30): view('Home/view/v_order', [...])
 8 SYSTEMPATH/CodeIgniter.php(919): App\Controllers\Home->order()
 9 SYSTEMPATH/CodeIgniter.php(494): CodeIgniter\CodeIgniter->runController(Object(App\Controllers\Home))
10 SYSTEMPATH/CodeIgniter.php(353): CodeIgniter\CodeIgniter->handleRequest(null, Object(Config\Cache), false)
11 FCPATH/index.php(79): CodeIgniter\CodeIgniter->run()
12 SYSTEMPATH/Commands/Server/rewrite.php(47): require_once('/storage/emulated/0/applications/ci4/public/index.php')
ERROR - 2023-09-30 14:20:59 --> Error connecting to the database: mysqli_sql_exception: Connection refused in /storage/emulated/0/applications/ci4/vendor/codeigniter4/framework/system/Database/MySQLi/Connection.php:184
Stack trace:
#0 /storage/emulated/0/applications/ci4/vendor/codeigniter4/framework/system/Database/MySQLi/Connection.php(184): mysqli->real_connect('127.0.0.1', 'root', Object(SensitiveParameterValue), 'shoppingAja', 3306, '', 0)
#1 /storage/emulated/0/applications/ci4/vendor/codeigniter4/framework/system/Database/BaseConnection.php(391): CodeIgniter\Database\MySQLi\Connection->connect(false)
#2 /storage/emulated/0/applications/ci4/vendor/codeigniter4/framework/system/Database/BaseConnection.php(574): CodeIgniter\Database\BaseConnection->initialize()
#3 /storage/emulated/0/applications/ci4/vendor/codeigniter4/framework/system/Database/BaseBuilder.php(1699): CodeIgniter\Database\BaseConnection->query('SELECT COUNT(*)...', Array, false)
#4 /storage/emulated/0/applications/ci4/vendor/codeigniter4/framework/system/Model.php(599): CodeIgniter\Database\BaseBuilder->countAllResults(false)
#5 /storage/emulated/0/applications/ci4/vendor/codeigniter4/framework/system/BaseModel.php(1203): CodeIgniter\Model->countAllResults(false)
#6 /storage/emulated/0/applications/ci4/app/Models/ProductModel.php(24): CodeIgniter\BaseModel->paginate(10)
#7 /storage/emulated/0/applications/ci4/app/Controllers/Home.php(35): App\Models\ProductModel->getProduct()
#8 /storage/emulated/0/applications/ci4/vendor/codeigniter4/framework/system/CodeIgniter.php(919): App\Controllers\Home->order()
#9 /storage/emulated/0/applications/ci4/vendor/codeigniter4/framework/system/CodeIgniter.php(494): CodeIgniter\CodeIgniter->runController(Object(App\Controllers\Home))
#10 /storage/emulated/0/applications/ci4/vendor/codeigniter4/framework/system/CodeIgniter.php(353): CodeIgniter\CodeIgniter->handleRequest(NULL, Object(Config\Cache), false)
#11 /storage/emulated/0/applications/ci4/public/index.php(79): CodeIgniter\CodeIgniter->run()
#12 /storage/emulated/0/applications/ci4/vendor/codeigniter4/framework/system/Commands/Server/rewrite.php(47): require_once('/storage/emulat...')
#13 {main}

Next CodeIgniter\Database\Exceptions\DatabaseException: Connection refused in /storage/emulated/0/applications/ci4/vendor/codeigniter4/framework/system/Database/MySQLi/Connection.php:229
Stack trace:
#0 /storage/emulated/0/applications/ci4/vendor/codeigniter4/framework/system/Database/BaseConnection.php(391): CodeIgniter\Database\MySQLi\Connection->connect(false)
#1 /storage/emulated/0/applications/ci4/vendor/codeigniter4/framework/system/Database/BaseConnection.php(574): CodeIgniter\Database\BaseConnection->initialize()
#2 /storage/emulated/0/applications/ci4/vendor/codeigniter4/framework/system/Database/BaseBuilder.php(1699): CodeIgniter\Database\BaseConnection->query('SELECT COUNT(*)...', Array, false)
#3 /storage/emulated/0/applications/ci4/vendor/codeigniter4/framework/system/Model.php(599): CodeIgniter\Database\BaseBuilder->countAllResults(false)
#4 /storage/emulated/0/applications/ci4/vendor/codeigniter4/framework/system/BaseModel.php(1203): CodeIgniter\Model->countAllResults(false)
#5 /storage/emulated/0/applications/ci4/app/Models/ProductModel.php(24): CodeIgniter\BaseModel->paginate(10)
#6 /storage/emulated/0/applications/ci4/app/Controllers/Home.php(35): App\Models\ProductModel->getProduct()
#7 /storage/emulated/0/applications/ci4/vendor/codeigniter4/framework/system/CodeIgniter.php(919): App\Controllers\Home->order()
#8 /storage/emulated/0/applications/ci4/vendor/codeigniter4/framework/system/CodeIgniter.php(494): CodeIgniter\CodeIgniter->runController(Object(App\Controllers\Home))
#9 /storage/emulated/0/applications/ci4/vendor/codeigniter4/framework/system/CodeIgniter.php(353): CodeIgniter\CodeIgniter->handleRequest(NULL, Object(Config\Cache), false)
#10 /storage/emulated/0/applications/ci4/public/index.php(79): CodeIgniter\CodeIgniter->run()
#11 /storage/emulated/0/applications/ci4/vendor/codeigniter4/framework/system/Commands/Server/rewrite.php(47): require_once('/storage/emulat...')
#12 {main}
CRITICAL - 2023-09-30 14:20:59 --> Unable to connect to the database.
Main connection [MySQLi]: Connection refused
in SYSTEMPATH/Database/BaseConnection.php on line 427.
 1 SYSTEMPATH/Database/BaseConnection.php(574): CodeIgniter\Database\BaseConnection->initialize()
 2 SYSTEMPATH/Database/BaseBuilder.php(1699): CodeIgniter\Database\BaseConnection->query('SELECT COUNT(*) AS `numrows`
FROM `product`', [], false)
 3 SYSTEMPATH/Model.php(599): CodeIgniter\Database\BaseBuilder->countAllResults(false)
 4 SYSTEMPATH/BaseModel.php(1203): CodeIgniter\Model->countAllResults(false)
 5 APPPATH/Models/ProductModel.php(24): CodeIgniter\BaseModel->paginate(10)
 6 APPPATH/Controllers/Home.php(35): App\Models\ProductModel->getProduct()
 7 SYSTEMPATH/CodeIgniter.php(919): App\Controllers\Home->order()
 8 SYSTEMPATH/CodeIgniter.php(494): CodeIgniter\CodeIgniter->runController(Object(App\Controllers\Home))
 9 SYSTEMPATH/CodeIgniter.php(353): CodeIgniter\CodeIgniter->handleRequest(null, Object(Config\Cache), false)
10 FCPATH/index.php(79): CodeIgniter\CodeIgniter->run()
11 SYSTEMPATH/Commands/Server/rewrite.php(47): require_once('/storage/emulated/0/applications/ci4/public/index.php')
CRITICAL - 2023-09-30 14:29:43 --> syntax error, unexpected token "endif"
in APPPATH/Views/Home/components/img-slider.php on line 11.
 1 SYSTEMPATH/View/View.php(229): CodeIgniter\View\View->CodeIgniter\View\{closure}()
 2 SYSTEMPATH/View/View.php(467): CodeIgniter\View\View->render('Home/components/img-slider', null, true)
 3 APPPATH/Views/Home/view/v_detail.php(3): CodeIgniter\View\View->include('Home/components/img-slider')
 4 SYSTEMPATH/View/View.php(226): include('/storage/emulated/0/applications/ci4/app/Views/Home/view/v_detail.php')
 5 SYSTEMPATH/View/View.php(229): CodeIgniter\View\View->CodeIgniter\View\{closure}()
 6 SYSTEMPATH/Common.php(1188): CodeIgniter\View\View->render('Home/view/v_detail', [], true)
 7 APPPATH/Controllers/Home.php(50): view('Home/view/v_detail', [...])
 8 SYSTEMPATH/CodeIgniter.php(919): App\Controllers\Home->getById('1')
 9 SYSTEMPATH/CodeIgniter.php(494): CodeIgniter\CodeIgniter->runController(Object(App\Controllers\Home))
10 SYSTEMPATH/CodeIgniter.php(353): CodeIgniter\CodeIgniter->handleRequest(null, Object(Config\Cache), false)
11 FCPATH/index.php(79): CodeIgniter\CodeIgniter->run()
12 SYSTEMPATH/Commands/Server/rewrite.php(47): require_once('/storage/emulated/0/applications/ci4/public/index.php')
CRITICAL - 2023-09-30 14:59:35 --> Undefined array key 1
in APPPATH/Views/Home/view/v_detail.php on line 11.
 1 APPPATH/Views/Home/view/v_detail.php(11): CodeIgniter\Debug\Exceptions->errorHandler(2, 'Undefined array key 1', '/storage/emulated/0/applications/ci4/app/Views/Home/view/v_detail.php', 11)
 2 SYSTEMPATH/View/View.php(226): include('/storage/emulated/0/applications/ci4/app/Views/Home/view/v_detail.php')
 3 SYSTEMPATH/View/View.php(229): CodeIgniter\View\View->CodeIgniter\View\{closure}()
 4 SYSTEMPATH/Common.php(1188): CodeIgniter\View\View->render('Home/view/v_detail', [], true)
 5 APPPATH/Controllers/Home.php(50): view('Home/view/v_detail', [...])
 6 SYSTEMPATH/CodeIgniter.php(919): App\Controllers\Home->getById('2')
 7 SYSTEMPATH/CodeIgniter.php(494): CodeIgniter\CodeIgniter->runController(Object(App\Controllers\Home))
 8 SYSTEMPATH/CodeIgniter.php(353): CodeIgniter\CodeIgniter->handleRequest(null, Object(Config\Cache), false)
 9 FCPATH/index.php(79): CodeIgniter\CodeIgniter->run()
10 SYSTEMPATH/Commands/Server/rewrite.php(47): require_once('/storage/emulated/0/applications/ci4/public/index.php')
CRITICAL - 2023-09-30 23:42:14 --> Call to undefined method App\Models\ProductModel::getResult
in SYSTEMPATH/Model.php on line 873.
 1 APPPATH/Models/ProductModel.php(39): CodeIgniter\Model->__call('getResult', [])
 2 APPPATH/Controllers/Home.php(48): App\Models\ProductModel->getProductById('2')
 3 SYSTEMPATH/CodeIgniter.php(919): App\Controllers\Home->getById('2')
 4 SYSTEMPATH/CodeIgniter.php(494): CodeIgniter\CodeIgniter->runController(Object(App\Controllers\Home))
 5 SYSTEMPATH/CodeIgniter.php(353): CodeIgniter\CodeIgniter->handleRequest(null, Object(Config\Cache), false)
 6 FCPATH/index.php(79): CodeIgniter\CodeIgniter->run()
 7 SYSTEMPATH/Commands/Server/rewrite.php(47): require_once('/storage/emulated/0/applications/ci4/public/index.php')
CRITICAL - 2023-09-30 23:44:36 --> Call to undefined method App\Models\ProductModel::getResultCustomObject
in SYSTEMPATH/Model.php on line 873.
 1 APPPATH/Models/ProductModel.php(39): CodeIgniter\Model->__call('getResultCustomObject', [])
 2 APPPATH/Controllers/Home.php(48): App\Models\ProductModel->getProductById('2')
 3 SYSTEMPATH/CodeIgniter.php(919): App\Controllers\Home->getById('2')
 4 SYSTEMPATH/CodeIgniter.php(494): CodeIgniter\CodeIgniter->runController(Object(App\Controllers\Home))
 5 SYSTEMPATH/CodeIgniter.php(353): CodeIgniter\CodeIgniter->handleRequest(null, Object(Config\Cache), false)
 6 FCPATH/index.php(79): CodeIgniter\CodeIgniter->run()
 7 SYSTEMPATH/Commands/Server/rewrite.php(47): require_once('/storage/emulated/0/applications/ci4/public/index.php')
CRITICAL - 2023-09-30 23:45:45 --> Attempt to read property "deskripsi_produk" on array
in APPPATH/Views/Home/view/v_detail.php on line 30.
 1 APPPATH/Views/Home/view/v_detail.php(30): CodeIgniter\Debug\Exceptions->errorHandler(2, 'Attempt to read property "deskripsi_produk" on array', '/storage/emulated/0/applications/ci4/app/Views/Home/view/v_detail.php', 30)
 2 SYSTEMPATH/View/View.php(226): include('/storage/emulated/0/applications/ci4/app/Views/Home/view/v_detail.php')
 3 SYSTEMPATH/View/View.php(229): CodeIgniter\View\View->CodeIgniter\View\{closure}()
 4 SYSTEMPATH/Common.php(1188): CodeIgniter\View\View->render('Home/view/v_detail', [], true)
 5 APPPATH/Controllers/Home.php(50): view('Home/view/v_detail', [...])
 6 SYSTEMPATH/CodeIgniter.php(919): App\Controllers\Home->getById('2')
 7 SYSTEMPATH/CodeIgniter.php(494): CodeIgniter\CodeIgniter->runController(Object(App\Controllers\Home))
 8 SYSTEMPATH/CodeIgniter.php(353): CodeIgniter\CodeIgniter->handleRequest(null, Object(Config\Cache), false)
 9 FCPATH/index.php(79): CodeIgniter\CodeIgniter->run()
10 SYSTEMPATH/Commands/Server/rewrite.php(47): require_once('/storage/emulated/0/applications/ci4/public/index.php')
CRITICAL - 2023-09-30 23:46:40 --> Call to undefined method App\Models\ProductModel::getRow
in SYSTEMPATH/Model.php on line 873.
 1 APPPATH/Models/ProductModel.php(39): CodeIgniter\Model->__call('getRow', [])
 2 APPPATH/Controllers/Home.php(48): App\Models\ProductModel->getProductById('2')
 3 SYSTEMPATH/CodeIgniter.php(919): App\Controllers\Home->getById('2')
 4 SYSTEMPATH/CodeIgniter.php(494): CodeIgniter\CodeIgniter->runController(Object(App\Controllers\Home))
 5 SYSTEMPATH/CodeIgniter.php(353): CodeIgniter\CodeIgniter->handleRequest(null, Object(Config\Cache), false)
 6 FCPATH/index.php(79): CodeIgniter\CodeIgniter->run()
 7 SYSTEMPATH/Commands/Server/rewrite.php(47): require_once('/storage/emulated/0/applications/ci4/public/index.php')
CRITICAL - 2023-09-30 23:47:24 --> Cannot use object of type CodeIgniter\Database\MySQLi\Result as array
in APPPATH/Views/Home/components/img-slider.php on line 5.
 1 SYSTEMPATH/View/View.php(226): include()
 2 SYSTEMPATH/View/View.php(229): CodeIgniter\View\View->CodeIgniter\View\{closure}()
 3 SYSTEMPATH/View/View.php(467): CodeIgniter\View\View->render('Home/components/img-slider', null, true)
 4 APPPATH/Views/Home/view/v_detail.php(3): CodeIgniter\View\View->include('Home/components/img-slider')
 5 SYSTEMPATH/View/View.php(226): include('/storage/emulated/0/applications/ci4/app/Views/Home/view/v_detail.php')
 6 SYSTEMPATH/View/View.php(229): CodeIgniter\View\View->CodeIgniter\View\{closure}()
 7 SYSTEMPATH/Common.php(1188): CodeIgniter\View\View->render('Home/view/v_detail', [], true)
 8 APPPATH/Controllers/Home.php(50): view('Home/view/v_detail', [...])
 9 SYSTEMPATH/CodeIgniter.php(919): App\Controllers\Home->getById('2')
10 SYSTEMPATH/CodeIgniter.php(494): CodeIgniter\CodeIgniter->runController(Object(App\Controllers\Home))
11 SYSTEMPATH/CodeIgniter.php(353): CodeIgniter\CodeIgniter->handleRequest(null, Object(Config\Cache), false)
12 FCPATH/index.php(79): CodeIgniter\CodeIgniter->run()
13 SYSTEMPATH/Commands/Server/rewrite.php(47): require_once('/storage/emulated/0/applications/ci4/public/index.php')
CRITICAL - 2023-09-30 23:50:03 --> Call to undefined method App\Models\ProductModel::getResultObject
in SYSTEMPATH/Model.php on line 873.
 1 APPPATH/Models/ProductModel.php(39): CodeIgniter\Model->__call('getResultObject', [])
 2 APPPATH/Controllers/Home.php(48): App\Models\ProductModel->getProductById('2')
 3 SYSTEMPATH/CodeIgniter.php(919): App\Controllers\Home->getById('2')
 4 SYSTEMPATH/CodeIgniter.php(494): CodeIgniter\CodeIgniter->runController(Object(App\Controllers\Home))
 5 SYSTEMPATH/CodeIgniter.php(353): CodeIgniter\CodeIgniter->handleRequest(null, Object(Config\Cache), false)
 6 FCPATH/index.php(79): CodeIgniter\CodeIgniter->run()
 7 SYSTEMPATH/Commands/Server/rewrite.php(47): require_once('/storage/emulated/0/applications/ci4/public/index.php')
CRITICAL - 2023-09-30 23:55:17 --> Undefined array key "thumb_produk"
in APPPATH/Views/Home/components/img-slider.php on line 5.
 1 APPPATH/Views/Home/components/img-slider.php(5): CodeIgniter\Debug\Exceptions->errorHandler(2, 'Undefined array key "thumb_produk"', '/storage/emulated/0/applications/ci4/app/Views/Home/components/img-slider.php', 5)
 2 SYSTEMPATH/View/View.php(226): include('/storage/emulated/0/applications/ci4/app/Views/Home/components/img-slider.php')
 3 SYSTEMPATH/View/View.php(229): CodeIgniter\View\View->CodeIgniter\View\{closure}()
 4 SYSTEMPATH/View/View.php(467): CodeIgniter\View\View->render('Home/components/img-slider', null, true)
 5 APPPATH/Views/Home/view/v_detail.php(4): CodeIgniter\View\View->include('Home/components/img-slider')
 6 SYSTEMPATH/View/View.php(226): include('/storage/emulated/0/applications/ci4/app/Views/Home/view/v_detail.php')
 7 SYSTEMPATH/View/View.php(229): CodeIgniter\View\View->CodeIgniter\View\{closure}()
 8 SYSTEMPATH/Common.php(1188): CodeIgniter\View\View->render('Home/view/v_detail', [], true)
 9 APPPATH/Controllers/Home.php(50): view('Home/view/v_detail', [...])
10 SYSTEMPATH/CodeIgniter.php(919): App\Controllers\Home->getById('2')
11 SYSTEMPATH/CodeIgniter.php(494): CodeIgniter\CodeIgniter->runController(Object(App\Controllers\Home))
12 SYSTEMPATH/CodeIgniter.php(353): CodeIgniter\CodeIgniter->handleRequest(null, Object(Config\Cache), false)
13 FCPATH/index.php(79): CodeIgniter\CodeIgniter->run()
14 SYSTEMPATH/Commands/Server/rewrite.php(47): require_once('/storage/emulated/0/applications/ci4/public/index.php')
CRITICAL - 2023-09-30 23:57:08 --> syntax error, unexpected token "=>"
in APPPATH/Views/Home/components/img-slider.php on line 22.
 1 SYSTEMPATH/View/View.php(229): CodeIgniter\View\View->CodeIgniter\View\{closure}()
 2 SYSTEMPATH/View/View.php(467): CodeIgniter\View\View->render('Home/components/img-slider', null, true)
 3 APPPATH/Views/Home/view/v_detail.php(4): CodeIgniter\View\View->include('Home/components/img-slider')
 4 SYSTEMPATH/View/View.php(226): include('/storage/emulated/0/applications/ci4/app/Views/Home/view/v_detail.php')
 5 SYSTEMPATH/View/View.php(229): CodeIgniter\View\View->CodeIgniter\View\{closure}()
 6 SYSTEMPATH/Common.php(1188): CodeIgniter\View\View->render('Home/view/v_detail', [], true)
 7 APPPATH/Controllers/Home.php(50): view('Home/view/v_detail', [...])
 8 SYSTEMPATH/CodeIgniter.php(919): App\Controllers\Home->getById('2')
 9 SYSTEMPATH/CodeIgniter.php(494): CodeIgniter\CodeIgniter->runController(Object(App\Controllers\Home))
10 SYSTEMPATH/CodeIgniter.php(353): CodeIgniter\CodeIgniter->handleRequest(null, Object(Config\Cache), false)
11 FCPATH/index.php(79): CodeIgniter\CodeIgniter->run()
12 SYSTEMPATH/Commands/Server/rewrite.php(47): require_once('/storage/emulated/0/applications/ci4/public/index.php')
CRITICAL - 2023-09-30 23:57:49 --> Attempt to read property "thumb_produk" on array
in APPPATH/Views/Home/components/img-slider.php on line 5.
 1 APPPATH/Views/Home/components/img-slider.php(5): CodeIgniter\Debug\Exceptions->errorHandler(2, 'Attempt to read property "thumb_produk" on array', '/storage/emulated/0/applications/ci4/app/Views/Home/components/img-slider.php', 5)
 2 SYSTEMPATH/View/View.php(226): include('/storage/emulated/0/applications/ci4/app/Views/Home/components/img-slider.php')
 3 SYSTEMPATH/View/View.php(229): CodeIgniter\View\View->CodeIgniter\View\{closure}()
 4 SYSTEMPATH/View/View.php(467): CodeIgniter\View\View->render('Home/components/img-slider', null, true)
 5 APPPATH/Views/Home/view/v_detail.php(4): CodeIgniter\View\View->include('Home/components/img-slider')
 6 SYSTEMPATH/View/View.php(226): include('/storage/emulated/0/applications/ci4/app/Views/Home/view/v_detail.php')
 7 SYSTEMPATH/View/View.php(229): CodeIgniter\View\View->CodeIgniter\View\{closure}()
 8 SYSTEMPATH/Common.php(1188): CodeIgniter\View\View->render('Home/view/v_detail', [], true)
 9 APPPATH/Controllers/Home.php(50): view('Home/view/v_detail', [...])
10 SYSTEMPATH/CodeIgniter.php(919): App\Controllers\Home->getById('2')
11 SYSTEMPATH/CodeIgniter.php(494): CodeIgniter\CodeIgniter->runController(Object(App\Controllers\Home))
12 SYSTEMPATH/CodeIgniter.php(353): CodeIgniter\CodeIgniter->handleRequest(null, Object(Config\Cache), false)
13 FCPATH/index.php(79): CodeIgniter\CodeIgniter->run()
14 SYSTEMPATH/Commands/Server/rewrite.php(47): require_once('/storage/emulated/0/applications/ci4/public/index.php')
CRITICAL - 2023-09-30 23:58:33 --> Array to string conversion
in APPPATH/Views/Home/components/img-slider.php on line 5.
 1 APPPATH/Views/Home/components/img-slider.php(5): CodeIgniter\Debug\Exceptions->errorHandler(2, 'Array to string conversion', '/storage/emulated/0/applications/ci4/app/Views/Home/components/img-slider.php', 5)
 2 SYSTEMPATH/View/View.php(226): include('/storage/emulated/0/applications/ci4/app/Views/Home/components/img-slider.php')
 3 SYSTEMPATH/View/View.php(229): CodeIgniter\View\View->CodeIgniter\View\{closure}()
 4 SYSTEMPATH/View/View.php(467): CodeIgniter\View\View->render('Home/components/img-slider', null, true)
 5 APPPATH/Views/Home/view/v_detail.php(4): CodeIgniter\View\View->include('Home/components/img-slider')
 6 SYSTEMPATH/View/View.php(226): include('/storage/emulated/0/applications/ci4/app/Views/Home/view/v_detail.php')
 7 SYSTEMPATH/View/View.php(229): CodeIgniter\View\View->CodeIgniter\View\{closure}()
 8 SYSTEMPATH/Common.php(1188): CodeIgniter\View\View->render('Home/view/v_detail', [], true)
 9 APPPATH/Controllers/Home.php(50): view('Home/view/v_detail', [...])
10 SYSTEMPATH/CodeIgniter.php(919): App\Controllers\Home->getById('2')
11 SYSTEMPATH/CodeIgniter.php(494): CodeIgniter\CodeIgniter->runController(Object(App\Controllers\Home))
12 SYSTEMPATH/CodeIgniter.php(353): CodeIgniter\CodeIgniter->handleRequest(null, Object(Config\Cache), false)
13 FCPATH/index.php(79): CodeIgniter\CodeIgniter->run()
14 SYSTEMPATH/Commands/Server/rewrite.php(47): require_once('/storage/emulated/0/applications/ci4/public/index.php')
