INFO - 2023-10-11 08:40:13 --> Session: Class initialized using 'CodeIgniter\Session\Handlers\FileHandler' driver.
INFO - 2023-10-11 08:40:16 --> Session: Class initialized using 'CodeIgniter\Session\Handlers\FileHandler' driver.
INFO - 2023-10-11 08:40:19 --> Session: Class initialized using 'CodeIgniter\Session\Handlers\FileHandler' driver.
INFO - 2023-10-11 09:24:03 --> Session: Class initialized using 'CodeIgniter\Session\Handlers\FileHandler' driver.
INFO - 2023-10-11 09:24:09 --> Session: Class initialized using 'CodeIgniter\Session\Handlers\FileHandler' driver.
INFO - 2023-10-11 09:24:11 --> Session: Class initialized using 'CodeIgniter\Session\Handlers\FileHandler' driver.
INFO - 2023-10-11 09:24:52 --> Session: Class initialized using 'CodeIgniter\Session\Handlers\FileHandler' driver.
CRITICAL - 2023-10-11 09:24:52 --> Undefined array key "update_at"
in APPPATH/Controllers/WalletController.php on line 25.
 1 APPPATH/Controllers/WalletController.php(25): CodeIgniter\Debug\Exceptions->errorHandler(2, 'Undefined array key "update_at"', '/storage/emulated/0/applications/shoppingAJA/app/Controllers/WalletController.php', 25)
 2 SYSTEMPATH/CodeIgniter.php(919): App\Controllers\WalletController->index()
 3 SYSTEMPATH/CodeIgniter.php(494): CodeIgniter\CodeIgniter->runController(Object(App\Controllers\WalletController))
 4 SYSTEMPATH/CodeIgniter.php(353): CodeIgniter\CodeIgniter->handleRequest(null, Object(Config\Cache), false)
 5 FCPATH/index.php(79): CodeIgniter\CodeIgniter->run()
 6 SYSTEMPATH/Commands/Server/rewrite.php(47): require_once('/storage/emulated/0/applications/shoppingAJA/public/index.php')
INFO - 2023-10-11 09:25:09 --> Session: Class initialized using 'CodeIgniter\Session\Handlers\FileHandler' driver.
INFO - 2023-10-11 09:27:07 --> Session: Class initialized using 'CodeIgniter\Session\Handlers\FileHandler' driver.
CRITICAL - 2023-10-11 09:27:07 --> Undefined variable $tgl
in APPPATH/Views/Wallet/view/v_index.php on line 21.
 1 APPPATH/Views/Wallet/view/v_index.php(21): CodeIgniter\Debug\Exceptions->errorHandler(2, 'Undefined variable $tgl', '/storage/emulated/0/applications/shoppingAJA/app/Views/Wallet/view/v_index.php', 21)
 2 SYSTEMPATH/View/View.php(226): include('/storage/emulated/0/applications/shoppingAJA/app/Views/Wallet/view/v_index.php')
 3 SYSTEMPATH/View/View.php(229): CodeIgniter\View\View->CodeIgniter\View\{closure}()
 4 SYSTEMPATH/Common.php(1188): CodeIgniter\View\View->render('Wallet/view/v_index', [], true)
 5 APPPATH/Controllers/WalletController.php(35): view('Wallet/view/v_index', [...])
 6 SYSTEMPATH/CodeIgniter.php(919): App\Controllers\WalletController->index()
 7 SYSTEMPATH/CodeIgniter.php(494): CodeIgniter\CodeIgniter->runController(Object(App\Controllers\WalletController))
 8 SYSTEMPATH/CodeIgniter.php(353): CodeIgniter\CodeIgniter->handleRequest(null, Object(Config\Cache), false)
 9 FCPATH/index.php(79): CodeIgniter\CodeIgniter->run()
10 SYSTEMPATH/Commands/Server/rewrite.php(47): require_once('/storage/emulated/0/applications/shoppingAJA/public/index.php')
INFO - 2023-10-11 09:27:38 --> Session: Class initialized using 'CodeIgniter\Session\Handlers\FileHandler' driver.
CRITICAL - 2023-10-11 09:27:38 --> Cannot access offset of type string on string
in APPPATH/Views/Wallet/view/v_index.php on line 22.
 1 SYSTEMPATH/View/View.php(226): include()
 2 SYSTEMPATH/View/View.php(229): CodeIgniter\View\View->CodeIgniter\View\{closure}()
 3 SYSTEMPATH/Common.php(1188): CodeIgniter\View\View->render('Wallet/view/v_index', [], true)
 4 APPPATH/Controllers/WalletController.php(35): view('Wallet/view/v_index', [...])
 5 SYSTEMPATH/CodeIgniter.php(919): App\Controllers\WalletController->index()
 6 SYSTEMPATH/CodeIgniter.php(494): CodeIgniter\CodeIgniter->runController(Object(App\Controllers\WalletController))
 7 SYSTEMPATH/CodeIgniter.php(353): CodeIgniter\CodeIgniter->handleRequest(null, Object(Config\Cache), false)
 8 FCPATH/index.php(79): CodeIgniter\CodeIgniter->run()
 9 SYSTEMPATH/Commands/Server/rewrite.php(47): require_once('/storage/emulated/0/applications/shoppingAJA/public/index.php')
INFO - 2023-10-11 09:28:02 --> Session: Class initialized using 'CodeIgniter\Session\Handlers\FileHandler' driver.
INFO - 2023-10-11 09:28:27 --> Session: Class initialized using 'CodeIgniter\Session\Handlers\FileHandler' driver.
INFO - 2023-10-11 09:28:35 --> Session: Class initialized using 'CodeIgniter\Session\Handlers\FileHandler' driver.
INFO - 2023-10-11 09:29:30 --> Session: Class initialized using 'CodeIgniter\Session\Handlers\FileHandler' driver.
INFO - 2023-10-11 09:30:05 --> Session: Class initialized using 'CodeIgniter\Session\Handlers\FileHandler' driver.
INFO - 2023-10-11 09:30:46 --> Session: Class initialized using 'CodeIgniter\Session\Handlers\FileHandler' driver.
INFO - 2023-10-11 09:30:51 --> Session: Class initialized using 'CodeIgniter\Session\Handlers\FileHandler' driver.
INFO - 2023-10-11 09:30:52 --> Session: Class initialized using 'CodeIgniter\Session\Handlers\FileHandler' driver.
INFO - 2023-10-11 09:31:30 --> Session: Class initialized using 'CodeIgniter\Session\Handlers\FileHandler' driver.
INFO - 2023-10-11 09:31:35 --> Session: Class initialized using 'CodeIgniter\Session\Handlers\FileHandler' driver.
INFO - 2023-10-11 09:31:46 --> Session: Class initialized using 'CodeIgniter\Session\Handlers\FileHandler' driver.
INFO - 2023-10-11 09:32:25 --> Session: Class initialized using 'CodeIgniter\Session\Handlers\FileHandler' driver.
INFO - 2023-10-11 09:36:55 --> Session: Class initialized using 'CodeIgniter\Session\Handlers\FileHandler' driver.
INFO - 2023-10-11 09:37:26 --> Session: Class initialized using 'CodeIgniter\Session\Handlers\FileHandler' driver.
INFO - 2023-10-11 09:38:31 --> Session: Class initialized using 'CodeIgniter\Session\Handlers\FileHandler' driver.
INFO - 2023-10-11 09:40:26 --> Session: Class initialized using 'CodeIgniter\Session\Handlers\FileHandler' driver.
CRITICAL - 2023-10-11 09:40:26 --> syntax error, unexpected end of file
in APPPATH/Views/Wallet/view/v_index.php on line 54.
 1 SYSTEMPATH/View/View.php(229): CodeIgniter\View\View->CodeIgniter\View\{closure}()
 2 SYSTEMPATH/Common.php(1188): CodeIgniter\View\View->render('Wallet/view/v_index', [], true)
 3 APPPATH/Controllers/WalletController.php(32): view('Wallet/view/v_index', [...])
 4 SYSTEMPATH/CodeIgniter.php(919): App\Controllers\WalletController->index()
 5 SYSTEMPATH/CodeIgniter.php(494): CodeIgniter\CodeIgniter->runController(Object(App\Controllers\WalletController))
 6 SYSTEMPATH/CodeIgniter.php(353): CodeIgniter\CodeIgniter->handleRequest(null, Object(Config\Cache), false)
 7 FCPATH/index.php(79): CodeIgniter\CodeIgniter->run()
 8 SYSTEMPATH/Commands/Server/rewrite.php(47): require_once('/storage/emulated/0/applications/shoppingAJA/public/index.php')
INFO - 2023-10-11 09:40:45 --> Session: Class initialized using 'CodeIgniter\Session\Handlers\FileHandler' driver.
CRITICAL - 2023-10-11 09:40:45 --> Undefined variable $month
in APPPATH/Views/Wallet/view/v_index.php on line 20.
 1 APPPATH/Views/Wallet/view/v_index.php(20): CodeIgniter\Debug\Exceptions->errorHandler(2, 'Undefined variable $month', '/storage/emulated/0/applications/shoppingAJA/app/Views/Wallet/view/v_index.php', 20)
 2 SYSTEMPATH/View/View.php(226): include('/storage/emulated/0/applications/shoppingAJA/app/Views/Wallet/view/v_index.php')
 3 SYSTEMPATH/View/View.php(229): CodeIgniter\View\View->CodeIgniter\View\{closure}()
 4 SYSTEMPATH/Common.php(1188): CodeIgniter\View\View->render('Wallet/view/v_index', [], true)
 5 APPPATH/Controllers/WalletController.php(32): view('Wallet/view/v_index', [...])
 6 SYSTEMPATH/CodeIgniter.php(919): App\Controllers\WalletController->index()
 7 SYSTEMPATH/CodeIgniter.php(494): CodeIgniter\CodeIgniter->runController(Object(App\Controllers\WalletController))
 8 SYSTEMPATH/CodeIgniter.php(353): CodeIgniter\CodeIgniter->handleRequest(null, Object(Config\Cache), false)
 9 FCPATH/index.php(79): CodeIgniter\CodeIgniter->run()
10 SYSTEMPATH/Commands/Server/rewrite.php(47): require_once('/storage/emulated/0/applications/shoppingAJA/public/index.php')
INFO - 2023-10-11 09:40:55 --> Session: Class initialized using 'CodeIgniter\Session\Handlers\FileHandler' driver.
INFO - 2023-10-11 09:41:52 --> Session: Class initialized using 'CodeIgniter\Session\Handlers\FileHandler' driver.
INFO - 2023-10-11 09:42:10 --> Session: Class initialized using 'CodeIgniter\Session\Handlers\FileHandler' driver.
CRITICAL - 2023-10-11 09:42:10 --> Undefined array key 0
in APPPATH/Views/Wallet/view/v_index.php on line 21.
 1 APPPATH/Views/Wallet/view/v_index.php(21): CodeIgniter\Debug\Exceptions->errorHandler(2, 'Undefined array key 0', '/storage/emulated/0/applications/shoppingAJA/app/Views/Wallet/view/v_index.php', 21)
 2 SYSTEMPATH/View/View.php(226): include('/storage/emulated/0/applications/shoppingAJA/app/Views/Wallet/view/v_index.php')
 3 SYSTEMPATH/View/View.php(229): CodeIgniter\View\View->CodeIgniter\View\{closure}()
 4 SYSTEMPATH/Common.php(1188): CodeIgniter\View\View->render('Wallet/view/v_index', [], true)
 5 APPPATH/Controllers/WalletController.php(32): view('Wallet/view/v_index', [...])
 6 SYSTEMPATH/CodeIgniter.php(919): App\Controllers\WalletController->index()
 7 SYSTEMPATH/CodeIgniter.php(494): CodeIgniter\CodeIgniter->runController(Object(App\Controllers\WalletController))
 8 SYSTEMPATH/CodeIgniter.php(353): CodeIgniter\CodeIgniter->handleRequest(null, Object(Config\Cache), false)
 9 FCPATH/index.php(79): CodeIgniter\CodeIgniter->run()
10 SYSTEMPATH/Commands/Server/rewrite.php(47): require_once('/storage/emulated/0/applications/shoppingAJA/public/index.php')
INFO - 2023-10-11 09:42:29 --> Session: Class initialized using 'CodeIgniter\Session\Handlers\FileHandler' driver.
INFO - 2023-10-11 09:42:50 --> Session: Class initialized using 'CodeIgniter\Session\Handlers\FileHandler' driver.
INFO - 2023-10-11 09:45:01 --> Session: Class initialized using 'CodeIgniter\Session\Handlers\FileHandler' driver.
CRITICAL - 2023-10-11 09:45:01 --> str_replace() expects at least 3 arguments, 1 given
in APPPATH/Views/Wallet/view/v_index.php on line 24.
 1 APPPATH/Views/Wallet/view/v_index.php(24): str_replace('Oct 2023')
 2 SYSTEMPATH/View/View.php(226): include('/storage/emulated/0/applications/shoppingAJA/app/Views/Wallet/view/v_index.php')
 3 SYSTEMPATH/View/View.php(229): CodeIgniter\View\View->CodeIgniter\View\{closure}()
 4 SYSTEMPATH/Common.php(1188): CodeIgniter\View\View->render('Wallet/view/v_index', [], true)
 5 APPPATH/Controllers/WalletController.php(32): view('Wallet/view/v_index', [...])
 6 SYSTEMPATH/CodeIgniter.php(919): App\Controllers\WalletController->index()
 7 SYSTEMPATH/CodeIgniter.php(494): CodeIgniter\CodeIgniter->runController(Object(App\Controllers\WalletController))
 8 SYSTEMPATH/CodeIgniter.php(353): CodeIgniter\CodeIgniter->handleRequest(null, Object(Config\Cache), false)
 9 FCPATH/index.php(79): CodeIgniter\CodeIgniter->run()
10 SYSTEMPATH/Commands/Server/rewrite.php(47): require_once('/storage/emulated/0/applications/shoppingAJA/public/index.php')
INFO - 2023-10-11 09:48:23 --> Session: Class initialized using 'CodeIgniter\Session\Handlers\FileHandler' driver.
CRITICAL - 2023-10-11 09:48:23 --> Undefined variable $test
in APPPATH/Views/Wallet/view/v_index.php on line 24.
 1 APPPATH/Views/Wallet/view/v_index.php(24): CodeIgniter\Debug\Exceptions->errorHandler(2, 'Undefined variable $test', '/storage/emulated/0/applications/shoppingAJA/app/Views/Wallet/view/v_index.php', 24)
 2 SYSTEMPATH/View/View.php(226): include('/storage/emulated/0/applications/shoppingAJA/app/Views/Wallet/view/v_index.php')
 3 SYSTEMPATH/View/View.php(229): CodeIgniter\View\View->CodeIgniter\View\{closure}()
 4 SYSTEMPATH/Common.php(1188): CodeIgniter\View\View->render('Wallet/view/v_index', [], true)
 5 APPPATH/Controllers/WalletController.php(32): view('Wallet/view/v_index', [...])
 6 SYSTEMPATH/CodeIgniter.php(919): App\Controllers\WalletController->index()
 7 SYSTEMPATH/CodeIgniter.php(494): CodeIgniter\CodeIgniter->runController(Object(App\Controllers\WalletController))
 8 SYSTEMPATH/CodeIgniter.php(353): CodeIgniter\CodeIgniter->handleRequest(null, Object(Config\Cache), false)
 9 FCPATH/index.php(79): CodeIgniter\CodeIgniter->run()
10 SYSTEMPATH/Commands/Server/rewrite.php(47): require_once('/storage/emulated/0/applications/shoppingAJA/public/index.php')
INFO - 2023-10-11 09:48:33 --> Session: Class initialized using 'CodeIgniter\Session\Handlers\FileHandler' driver.
CRITICAL - 2023-10-11 09:48:33 --> str_replace() expects at least 3 arguments, 2 given
in APPPATH/Views/Wallet/view/v_index.php on line 24.
 1 APPPATH/Views/Wallet/view/v_index.php(24): str_replace([...], 'Oct 2023')
 2 SYSTEMPATH/View/View.php(226): include('/storage/emulated/0/applications/shoppingAJA/app/Views/Wallet/view/v_index.php')
 3 SYSTEMPATH/View/View.php(229): CodeIgniter\View\View->CodeIgniter\View\{closure}()
 4 SYSTEMPATH/Common.php(1188): CodeIgniter\View\View->render('Wallet/view/v_index', [], true)
 5 APPPATH/Controllers/WalletController.php(32): view('Wallet/view/v_index', [...])
 6 SYSTEMPATH/CodeIgniter.php(919): App\Controllers\WalletController->index()
 7 SYSTEMPATH/CodeIgniter.php(494): CodeIgniter\CodeIgniter->runController(Object(App\Controllers\WalletController))
 8 SYSTEMPATH/CodeIgniter.php(353): CodeIgniter\CodeIgniter->handleRequest(null, Object(Config\Cache), false)
 9 FCPATH/index.php(79): CodeIgniter\CodeIgniter->run()
10 SYSTEMPATH/Commands/Server/rewrite.php(47): require_once('/storage/emulated/0/applications/shoppingAJA/public/index.php')
INFO - 2023-10-11 09:49:30 --> Session: Class initialized using 'CodeIgniter\Session\Handlers\FileHandler' driver.
CRITICAL - 2023-10-11 09:49:30 --> Undefined variable $i
in APPPATH/Views/Wallet/view/v_index.php on line 24.
 1 APPPATH/Views/Wallet/view/v_index.php(24): CodeIgniter\Debug\Exceptions->errorHandler(2, 'Undefined variable $i', '/storage/emulated/0/applications/shoppingAJA/app/Views/Wallet/view/v_index.php', 24)
 2 SYSTEMPATH/View/View.php(226): include('/storage/emulated/0/applications/shoppingAJA/app/Views/Wallet/view/v_index.php')
 3 SYSTEMPATH/View/View.php(229): CodeIgniter\View\View->CodeIgniter\View\{closure}()
 4 SYSTEMPATH/Common.php(1188): CodeIgniter\View\View->render('Wallet/view/v_index', [], true)
 5 APPPATH/Controllers/WalletController.php(32): view('Wallet/view/v_index', [...])
 6 SYSTEMPATH/CodeIgniter.php(919): App\Controllers\WalletController->index()
 7 SYSTEMPATH/CodeIgniter.php(494): CodeIgniter\CodeIgniter->runController(Object(App\Controllers\WalletController))
 8 SYSTEMPATH/CodeIgniter.php(353): CodeIgniter\CodeIgniter->handleRequest(null, Object(Config\Cache), false)
 9 FCPATH/index.php(79): CodeIgniter\CodeIgniter->run()
10 SYSTEMPATH/Commands/Server/rewrite.php(47): require_once('/storage/emulated/0/applications/shoppingAJA/public/index.php')
INFO - 2023-10-11 09:51:04 --> Session: Class initialized using 'CodeIgniter\Session\Handlers\FileHandler' driver.
CRITICAL - 2023-10-11 09:51:04 --> syntax error, unexpected token ";", expecting ")"
in APPPATH/Views/Wallet/view/v_index.php on line 24.
 1 SYSTEMPATH/View/View.php(229): CodeIgniter\View\View->CodeIgniter\View\{closure}()
 2 SYSTEMPATH/Common.php(1188): CodeIgniter\View\View->render('Wallet/view/v_index', [], true)
 3 APPPATH/Controllers/WalletController.php(32): view('Wallet/view/v_index', [...])
 4 SYSTEMPATH/CodeIgniter.php(919): App\Controllers\WalletController->index()
 5 SYSTEMPATH/CodeIgniter.php(494): CodeIgniter\CodeIgniter->runController(Object(App\Controllers\WalletController))
 6 SYSTEMPATH/CodeIgniter.php(353): CodeIgniter\CodeIgniter->handleRequest(null, Object(Config\Cache), false)
 7 FCPATH/index.php(79): CodeIgniter\CodeIgniter->run()
 8 SYSTEMPATH/Commands/Server/rewrite.php(47): require_once('/storage/emulated/0/applications/shoppingAJA/public/index.php')
INFO - 2023-10-11 09:51:38 --> Session: Class initialized using 'CodeIgniter\Session\Handlers\FileHandler' driver.
CRITICAL - 2023-10-11 09:51:38 --> date() expects at most 2 arguments, 3 given
in APPPATH/Views/Wallet/view/v_index.php on line 24.
 1 APPPATH/Views/Wallet/view/v_index.php(24): date('M Y', 1696870800, 'Oct 2023')
 2 SYSTEMPATH/View/View.php(226): include('/storage/emulated/0/applications/shoppingAJA/app/Views/Wallet/view/v_index.php')
 3 SYSTEMPATH/View/View.php(229): CodeIgniter\View\View->CodeIgniter\View\{closure}()
 4 SYSTEMPATH/Common.php(1188): CodeIgniter\View\View->render('Wallet/view/v_index', [], true)
 5 APPPATH/Controllers/WalletController.php(32): view('Wallet/view/v_index', [...])
 6 SYSTEMPATH/CodeIgniter.php(919): App\Controllers\WalletController->index()
 7 SYSTEMPATH/CodeIgniter.php(494): CodeIgniter\CodeIgniter->runController(Object(App\Controllers\WalletController))
 8 SYSTEMPATH/CodeIgniter.php(353): CodeIgniter\CodeIgniter->handleRequest(null, Object(Config\Cache), false)
 9 FCPATH/index.php(79): CodeIgniter\CodeIgniter->run()
10 SYSTEMPATH/Commands/Server/rewrite.php(47): require_once('/storage/emulated/0/applications/shoppingAJA/public/index.php')
INFO - 2023-10-11 09:52:22 --> Session: Class initialized using 'CodeIgniter\Session\Handlers\FileHandler' driver.
CRITICAL - 2023-10-11 09:52:22 --> str_replace() expects at least 3 arguments, 2 given
in APPPATH/Views/Wallet/view/v_index.php on line 24.
 1 APPPATH/Views/Wallet/view/v_index.php(24): str_replace([...], 'Oct 2023')
 2 SYSTEMPATH/View/View.php(226): include('/storage/emulated/0/applications/shoppingAJA/app/Views/Wallet/view/v_index.php')
 3 SYSTEMPATH/View/View.php(229): CodeIgniter\View\View->CodeIgniter\View\{closure}()
 4 SYSTEMPATH/Common.php(1188): CodeIgniter\View\View->render('Wallet/view/v_index', [], true)
 5 APPPATH/Controllers/WalletController.php(32): view('Wallet/view/v_index', [...])
 6 SYSTEMPATH/CodeIgniter.php(919): App\Controllers\WalletController->index()
 7 SYSTEMPATH/CodeIgniter.php(494): CodeIgniter\CodeIgniter->runController(Object(App\Controllers\WalletController))
 8 SYSTEMPATH/CodeIgniter.php(353): CodeIgniter\CodeIgniter->handleRequest(null, Object(Config\Cache), false)
 9 FCPATH/index.php(79): CodeIgniter\CodeIgniter->run()
10 SYSTEMPATH/Commands/Server/rewrite.php(47): require_once('/storage/emulated/0/applications/shoppingAJA/public/index.php')
INFO - 2023-10-11 09:54:05 --> Session: Class initialized using 'CodeIgniter\Session\Handlers\FileHandler' driver.
CRITICAL - 2023-10-11 09:54:06 --> Array to string conversion
in APPPATH/Views/Wallet/view/v_index.php on line 24.
 1 [internal function]: CodeIgniter\Debug\Exceptions->errorHandler(2, 'Array to string conversion', '/storage/emulated/0/applications/shoppingAJA/app/Views/Wallet/view/v_index.php', 24)
 2 APPPATH/Views/Wallet/view/v_index.php(24): str_replace([...], 'Oct 2023', '2023-10-10')
 3 SYSTEMPATH/View/View.php(226): include('/storage/emulated/0/applications/shoppingAJA/app/Views/Wallet/view/v_index.php')
 4 SYSTEMPATH/View/View.php(229): CodeIgniter\View\View->CodeIgniter\View\{closure}()
 5 SYSTEMPATH/Common.php(1188): CodeIgniter\View\View->render('Wallet/view/v_index', [], true)
 6 APPPATH/Controllers/WalletController.php(32): view('Wallet/view/v_index', [...])
 7 SYSTEMPATH/CodeIgniter.php(919): App\Controllers\WalletController->index()
 8 SYSTEMPATH/CodeIgniter.php(494): CodeIgniter\CodeIgniter->runController(Object(App\Controllers\WalletController))
 9 SYSTEMPATH/CodeIgniter.php(353): CodeIgniter\CodeIgniter->handleRequest(null, Object(Config\Cache), false)
10 FCPATH/index.php(79): CodeIgniter\CodeIgniter->run()
11 SYSTEMPATH/Commands/Server/rewrite.php(47): require_once('/storage/emulated/0/applications/shoppingAJA/public/index.php')
INFO - 2023-10-11 09:54:41 --> Session: Class initialized using 'CodeIgniter\Session\Handlers\FileHandler' driver.
CRITICAL - 2023-10-11 09:54:41 --> Array to string conversion
in APPPATH/Views/Wallet/view/v_index.php on line 24.
 1 [internal function]: CodeIgniter\Debug\Exceptions->errorHandler(2, 'Array to string conversion', '/storage/emulated/0/applications/shoppingAJA/app/Views/Wallet/view/v_index.php', 24)
 2 APPPATH/Views/Wallet/view/v_index.php(24): str_replace([...], 'Oct 2023', [...])
 3 SYSTEMPATH/View/View.php(226): include('/storage/emulated/0/applications/shoppingAJA/app/Views/Wallet/view/v_index.php')
 4 SYSTEMPATH/View/View.php(229): CodeIgniter\View\View->CodeIgniter\View\{closure}()
 5 SYSTEMPATH/Common.php(1188): CodeIgniter\View\View->render('Wallet/view/v_index', [], true)
 6 APPPATH/Controllers/WalletController.php(32): view('Wallet/view/v_index', [...])
 7 SYSTEMPATH/CodeIgniter.php(919): App\Controllers\WalletController->index()
 8 SYSTEMPATH/CodeIgniter.php(494): CodeIgniter\CodeIgniter->runController(Object(App\Controllers\WalletController))
 9 SYSTEMPATH/CodeIgniter.php(353): CodeIgniter\CodeIgniter->handleRequest(null, Object(Config\Cache), false)
10 FCPATH/index.php(79): CodeIgniter\CodeIgniter->run()
11 SYSTEMPATH/Commands/Server/rewrite.php(47): require_once('/storage/emulated/0/applications/shoppingAJA/public/index.php')
INFO - 2023-10-11 09:54:44 --> Session: Class initialized using 'CodeIgniter\Session\Handlers\FileHandler' driver.
CRITICAL - 2023-10-11 09:54:44 --> Array to string conversion
in APPPATH/Views/Wallet/view/v_index.php on line 24.
 1 [internal function]: CodeIgniter\Debug\Exceptions->errorHandler(2, 'Array to string conversion', '/storage/emulated/0/applications/shoppingAJA/app/Views/Wallet/view/v_index.php', 24)
 2 APPPATH/Views/Wallet/view/v_index.php(24): str_replace([...], 'Oct 2023', [...])
 3 SYSTEMPATH/View/View.php(226): include('/storage/emulated/0/applications/shoppingAJA/app/Views/Wallet/view/v_index.php')
 4 SYSTEMPATH/View/View.php(229): CodeIgniter\View\View->CodeIgniter\View\{closure}()
 5 SYSTEMPATH/Common.php(1188): CodeIgniter\View\View->render('Wallet/view/v_index', [], true)
 6 APPPATH/Controllers/WalletController.php(32): view('Wallet/view/v_index', [...])
 7 SYSTEMPATH/CodeIgniter.php(919): App\Controllers\WalletController->index()
 8 SYSTEMPATH/CodeIgniter.php(494): CodeIgniter\CodeIgniter->runController(Object(App\Controllers\WalletController))
 9 SYSTEMPATH/CodeIgniter.php(353): CodeIgniter\CodeIgniter->handleRequest(null, Object(Config\Cache), false)
10 FCPATH/index.php(79): CodeIgniter\CodeIgniter->run()
11 SYSTEMPATH/Commands/Server/rewrite.php(47): require_once('/storage/emulated/0/applications/shoppingAJA/public/index.php')
INFO - 2023-10-11 09:55:12 --> Session: Class initialized using 'CodeIgniter\Session\Handlers\FileHandler' driver.
CRITICAL - 2023-10-11 09:55:12 --> Array to string conversion
in APPPATH/Views/Wallet/view/v_index.php on line 24.
 1 [internal function]: CodeIgniter\Debug\Exceptions->errorHandler(2, 'Array to string conversion', '/storage/emulated/0/applications/shoppingAJA/app/Views/Wallet/view/v_index.php', 24)
 2 APPPATH/Views/Wallet/view/v_index.php(24): str_replace([...], [...], [...])
 3 SYSTEMPATH/View/View.php(226): include('/storage/emulated/0/applications/shoppingAJA/app/Views/Wallet/view/v_index.php')
 4 SYSTEMPATH/View/View.php(229): CodeIgniter\View\View->CodeIgniter\View\{closure}()
 5 SYSTEMPATH/Common.php(1188): CodeIgniter\View\View->render('Wallet/view/v_index', [], true)
 6 APPPATH/Controllers/WalletController.php(32): view('Wallet/view/v_index', [...])
 7 SYSTEMPATH/CodeIgniter.php(919): App\Controllers\WalletController->index()
 8 SYSTEMPATH/CodeIgniter.php(494): CodeIgniter\CodeIgniter->runController(Object(App\Controllers\WalletController))
 9 SYSTEMPATH/CodeIgniter.php(353): CodeIgniter\CodeIgniter->handleRequest(null, Object(Config\Cache), false)
10 FCPATH/index.php(79): CodeIgniter\CodeIgniter->run()
11 SYSTEMPATH/Commands/Server/rewrite.php(47): require_once('/storage/emulated/0/applications/shoppingAJA/public/index.php')
INFO - 2023-10-11 09:55:14 --> Session: Class initialized using 'CodeIgniter\Session\Handlers\FileHandler' driver.
CRITICAL - 2023-10-11 09:55:14 --> Array to string conversion
in APPPATH/Views/Wallet/view/v_index.php on line 24.
 1 [internal function]: CodeIgniter\Debug\Exceptions->errorHandler(2, 'Array to string conversion', '/storage/emulated/0/applications/shoppingAJA/app/Views/Wallet/view/v_index.php', 24)
 2 APPPATH/Views/Wallet/view/v_index.php(24): str_replace([...], [...], [...])
 3 SYSTEMPATH/View/View.php(226): include('/storage/emulated/0/applications/shoppingAJA/app/Views/Wallet/view/v_index.php')
 4 SYSTEMPATH/View/View.php(229): CodeIgniter\View\View->CodeIgniter\View\{closure}()
 5 SYSTEMPATH/Common.php(1188): CodeIgniter\View\View->render('Wallet/view/v_index', [], true)
 6 APPPATH/Controllers/WalletController.php(32): view('Wallet/view/v_index', [...])
 7 SYSTEMPATH/CodeIgniter.php(919): App\Controllers\WalletController->index()
 8 SYSTEMPATH/CodeIgniter.php(494): CodeIgniter\CodeIgniter->runController(Object(App\Controllers\WalletController))
 9 SYSTEMPATH/CodeIgniter.php(353): CodeIgniter\CodeIgniter->handleRequest(null, Object(Config\Cache), false)
10 FCPATH/index.php(79): CodeIgniter\CodeIgniter->run()
11 SYSTEMPATH/Commands/Server/rewrite.php(47): require_once('/storage/emulated/0/applications/shoppingAJA/public/index.php')
INFO - 2023-10-11 09:55:33 --> Session: Class initialized using 'CodeIgniter\Session\Handlers\FileHandler' driver.
INFO - 2023-10-11 09:55:54 --> Session: Class initialized using 'CodeIgniter\Session\Handlers\FileHandler' driver.
INFO - 2023-10-11 09:56:49 --> Session: Class initialized using 'CodeIgniter\Session\Handlers\FileHandler' driver.
CRITICAL - 2023-10-11 09:56:49 --> Array to string conversion
in APPPATH/Views/Wallet/view/v_index.php on line 22.
 1 [internal function]: CodeIgniter\Debug\Exceptions->errorHandler(2, 'Array to string conversion', '/storage/emulated/0/applications/shoppingAJA/app/Views/Wallet/view/v_index.php', 22)
 2 APPPATH/Views/Wallet/view/v_index.php(22): str_replace([...], 'Nov 2023', 'Nov 2023')
 3 SYSTEMPATH/View/View.php(226): include('/storage/emulated/0/applications/shoppingAJA/app/Views/Wallet/view/v_index.php')
 4 SYSTEMPATH/View/View.php(229): CodeIgniter\View\View->CodeIgniter\View\{closure}()
 5 SYSTEMPATH/Common.php(1188): CodeIgniter\View\View->render('Wallet/view/v_index', [], true)
 6 APPPATH/Controllers/WalletController.php(32): view('Wallet/view/v_index', [...])
 7 SYSTEMPATH/CodeIgniter.php(919): App\Controllers\WalletController->index()
 8 SYSTEMPATH/CodeIgniter.php(494): CodeIgniter\CodeIgniter->runController(Object(App\Controllers\WalletController))
 9 SYSTEMPATH/CodeIgniter.php(353): CodeIgniter\CodeIgniter->handleRequest(null, Object(Config\Cache), false)
10 FCPATH/index.php(79): CodeIgniter\CodeIgniter->run()
11 SYSTEMPATH/Commands/Server/rewrite.php(47): require_once('/storage/emulated/0/applications/shoppingAJA/public/index.php')
INFO - 2023-10-11 09:57:20 --> Session: Class initialized using 'CodeIgniter\Session\Handlers\FileHandler' driver.
INFO - 2023-10-11 09:58:23 --> Session: Class initialized using 'CodeIgniter\Session\Handlers\FileHandler' driver.
INFO - 2023-10-11 10:01:03 --> Session: Class initialized using 'CodeIgniter\Session\Handlers\FileHandler' driver.
INFO - 2023-10-11 10:01:25 --> Session: Class initialized using 'CodeIgniter\Session\Handlers\FileHandler' driver.
INFO - 2023-10-11 10:02:10 --> Session: Class initialized using 'CodeIgniter\Session\Handlers\FileHandler' driver.
CRITICAL - 2023-10-11 10:02:10 --> Undefined array key 5
in APPPATH/Views/Wallet/view/v_index.php on line 24.
 1 APPPATH/Views/Wallet/view/v_index.php(24): CodeIgniter\Debug\Exceptions->errorHandler(2, 'Undefined array key 5', '/storage/emulated/0/applications/shoppingAJA/app/Views/Wallet/view/v_index.php', 24)
 2 SYSTEMPATH/View/View.php(226): include('/storage/emulated/0/applications/shoppingAJA/app/Views/Wallet/view/v_index.php')
 3 SYSTEMPATH/View/View.php(229): CodeIgniter\View\View->CodeIgniter\View\{closure}()
 4 SYSTEMPATH/Common.php(1188): CodeIgniter\View\View->render('Wallet/view/v_index', [], true)
 5 APPPATH/Controllers/WalletController.php(32): view('Wallet/view/v_index', [...])
 6 SYSTEMPATH/CodeIgniter.php(919): App\Controllers\WalletController->index()
 7 SYSTEMPATH/CodeIgniter.php(494): CodeIgniter\CodeIgniter->runController(Object(App\Controllers\WalletController))
 8 SYSTEMPATH/CodeIgniter.php(353): CodeIgniter\CodeIgniter->handleRequest(null, Object(Config\Cache), false)
 9 FCPATH/index.php(79): CodeIgniter\CodeIgniter->run()
10 SYSTEMPATH/Commands/Server/rewrite.php(47): require_once('/storage/emulated/0/applications/shoppingAJA/public/index.php')
INFO - 2023-10-11 10:02:30 --> Session: Class initialized using 'CodeIgniter\Session\Handlers\FileHandler' driver.
CRITICAL - 2023-10-11 10:02:31 --> Undefined array key 5
in APPPATH/Views/Wallet/view/v_index.php on line 24.
 1 APPPATH/Views/Wallet/view/v_index.php(24): CodeIgniter\Debug\Exceptions->errorHandler(2, 'Undefined array key 5', '/storage/emulated/0/applications/shoppingAJA/app/Views/Wallet/view/v_index.php', 24)
 2 SYSTEMPATH/View/View.php(226): include('/storage/emulated/0/applications/shoppingAJA/app/Views/Wallet/view/v_index.php')
 3 SYSTEMPATH/View/View.php(229): CodeIgniter\View\View->CodeIgniter\View\{closure}()
 4 SYSTEMPATH/Common.php(1188): CodeIgniter\View\View->render('Wallet/view/v_index', [], true)
 5 APPPATH/Controllers/WalletController.php(32): view('Wallet/view/v_index', [...])
 6 SYSTEMPATH/CodeIgniter.php(919): App\Controllers\WalletController->index()
 7 SYSTEMPATH/CodeIgniter.php(494): CodeIgniter\CodeIgniter->runController(Object(App\Controllers\WalletController))
 8 SYSTEMPATH/CodeIgniter.php(353): CodeIgniter\CodeIgniter->handleRequest(null, Object(Config\Cache), false)
 9 FCPATH/index.php(79): CodeIgniter\CodeIgniter->run()
10 SYSTEMPATH/Commands/Server/rewrite.php(47): require_once('/storage/emulated/0/applications/shoppingAJA/public/index.php')
INFO - 2023-10-11 10:02:44 --> Session: Class initialized using 'CodeIgniter\Session\Handlers\FileHandler' driver.
INFO - 2023-10-11 10:04:07 --> Session: Class initialized using 'CodeIgniter\Session\Handlers\FileHandler' driver.
INFO - 2023-10-11 10:04:12 --> Session: Class initialized using 'CodeIgniter\Session\Handlers\FileHandler' driver.
INFO - 2023-10-11 10:04:16 --> Session: Class initialized using 'CodeIgniter\Session\Handlers\FileHandler' driver.
INFO - 2023-10-11 10:04:17 --> Session: Class initialized using 'CodeIgniter\Session\Handlers\FileHandler' driver.
INFO - 2023-10-11 10:05:25 --> Session: Class initialized using 'CodeIgniter\Session\Handlers\FileHandler' driver.
INFO - 2023-10-11 10:06:53 --> Session: Class initialized using 'CodeIgniter\Session\Handlers\FileHandler' driver.
INFO - 2023-10-11 11:06:46 --> Session: Class initialized using 'CodeIgniter\Session\Handlers\FileHandler' driver.
INFO - 2023-10-11 11:06:49 --> Session: Class initialized using 'CodeIgniter\Session\Handlers\FileHandler' driver.
CRITICAL - 2023-10-11 11:06:49 --> Unmatched ']'
in APPPATH/Views/Home/view/v_cart.php on line 68.
 1 SYSTEMPATH/View/View.php(229): CodeIgniter\View\View->CodeIgniter\View\{closure}()
 2 SYSTEMPATH/Common.php(1188): CodeIgniter\View\View->render('Home/view/v_cart', [], true)
 3 APPPATH/Controllers/Cart.php(33): view('Home/view/v_cart', [...])
 4 SYSTEMPATH/CodeIgniter.php(919): App\Controllers\Cart->index()
 5 SYSTEMPATH/CodeIgniter.php(494): CodeIgniter\CodeIgniter->runController(Object(App\Controllers\Cart))
 6 SYSTEMPATH/CodeIgniter.php(353): CodeIgniter\CodeIgniter->handleRequest(null, Object(Config\Cache), false)
 7 FCPATH/index.php(79): CodeIgniter\CodeIgniter->run()
 8 SYSTEMPATH/Commands/Server/rewrite.php(47): require_once('/storage/emulated/0/applications/shoppingAJA/public/index.php')
INFO - 2023-10-11 11:07:09 --> Session: Class initialized using 'CodeIgniter\Session\Handlers\FileHandler' driver.
INFO - 2023-10-11 11:07:12 --> Session: Class initialized using 'CodeIgniter\Session\Handlers\FileHandler' driver.
INFO - 2023-10-11 11:07:16 --> Session: Class initialized using 'CodeIgniter\Session\Handlers\FileHandler' driver.
INFO - 2023-10-11 11:07:16 --> Session: Class initialized using 'CodeIgniter\Session\Handlers\FileHandler' driver.
CRITICAL - 2023-10-11 11:07:16 --> Undefined array key "id"
in APPPATH/Views/Home/view/v_cart.php on line 67.
 1 APPPATH/Views/Home/view/v_cart.php(67): CodeIgniter\Debug\Exceptions->errorHandler(2, 'Undefined array key "id"', '/storage/emulated/0/applications/shoppingAJA/app/Views/Home/view/v_cart.php', 67)
 2 SYSTEMPATH/View/View.php(226): include('/storage/emulated/0/applications/shoppingAJA/app/Views/Home/view/v_cart.php')
 3 SYSTEMPATH/View/View.php(229): CodeIgniter\View\View->CodeIgniter\View\{closure}()
 4 SYSTEMPATH/Common.php(1188): CodeIgniter\View\View->render('Home/view/v_cart', [], true)
 5 APPPATH/Controllers/Cart.php(33): view('Home/view/v_cart', [...])
 6 SYSTEMPATH/CodeIgniter.php(919): App\Controllers\Cart->index()
 7 SYSTEMPATH/CodeIgniter.php(494): CodeIgniter\CodeIgniter->runController(Object(App\Controllers\Cart))
 8 SYSTEMPATH/CodeIgniter.php(353): CodeIgniter\CodeIgniter->handleRequest(null, Object(Config\Cache), false)
 9 FCPATH/index.php(79): CodeIgniter\CodeIgniter->run()
10 SYSTEMPATH/Commands/Server/rewrite.php(47): require_once('/storage/emulated/0/applications/shoppingAJA/public/index.php')
INFO - 2023-10-11 11:07:31 --> Session: Class initialized using 'CodeIgniter\Session\Handlers\FileHandler' driver.
INFO - 2023-10-11 11:07:34 --> Session: Class initialized using 'CodeIgniter\Session\Handlers\FileHandler' driver.
INFO - 2023-10-11 11:07:38 --> Session: Class initialized using 'CodeIgniter\Session\Handlers\FileHandler' driver.
INFO - 2023-10-11 11:07:38 --> Session: Class initialized using 'CodeIgniter\Session\Handlers\FileHandler' driver.
INFO - 2023-10-11 11:07:55 --> Session: Class initialized using 'CodeIgniter\Session\Handlers\FileHandler' driver.
INFO - 2023-10-11 11:10:11 --> Session: Class initialized using 'CodeIgniter\Session\Handlers\FileHandler' driver.
INFO - 2023-10-11 11:10:14 --> Session: Class initialized using 'CodeIgniter\Session\Handlers\FileHandler' driver.
INFO - 2023-10-11 11:10:28 --> Session: Class initialized using 'CodeIgniter\Session\Handlers\FileHandler' driver.
