CRITICAL - 2023-10-01 00:00:33 --> Attempt to read property "thumb_produk" on array
in APPPATH/Views/Home/view/v_detail.php on line 3.
 1 APPPATH/Views/Home/view/v_detail.php(3): CodeIgniter\Debug\Exceptions->errorHandler(2, 'Attempt to read property "thumb_produk" on array', '/storage/emulated/0/applications/ci4/app/Views/Home/view/v_detail.php', 3)
 2 SYSTEMPATH/View/View.php(226): include('/storage/emulated/0/applications/ci4/app/Views/Home/view/v_detail.php')
 3 SYSTEMPATH/View/View.php(229): CodeIgniter\View\View->CodeIgniter\View\{closure}()
 4 SYSTEMPATH/Common.php(1188): CodeIgniter\View\View->render('Home/view/v_detail', [], true)
 5 APPPATH/Controllers/Home.php(50): view('Home/view/v_detail', [...])
 6 SYSTEMPATH/CodeIgniter.php(919): App\Controllers\Home->getById('2')
 7 SYSTEMPATH/CodeIgniter.php(494): CodeIgniter\CodeIgniter->runController(Object(App\Controllers\Home))
 8 SYSTEMPATH/CodeIgniter.php(353): CodeIgniter\CodeIgniter->handleRequest(null, Object(Config\Cache), false)
 9 FCPATH/index.php(79): CodeIgniter\CodeIgniter->run()
10 SYSTEMPATH/Commands/Server/rewrite.php(47): require_once('/storage/emulated/0/applications/ci4/public/index.php')
CRITICAL - 2023-10-01 00:00:56 --> syntax error, unexpected integer "6", expecting identifier or variable or "{" or "$"
in APPPATH/Views/Home/view/v_detail.php on line 3.
 1 SYSTEMPATH/View/View.php(229): CodeIgniter\View\View->CodeIgniter\View\{closure}()
 2 SYSTEMPATH/Common.php(1188): CodeIgniter\View\View->render('Home/view/v_detail', [], true)
 3 APPPATH/Controllers/Home.php(50): view('Home/view/v_detail', [...])
 4 SYSTEMPATH/CodeIgniter.php(919): App\Controllers\Home->getById('2')
 5 SYSTEMPATH/CodeIgniter.php(494): CodeIgniter\CodeIgniter->runController(Object(App\Controllers\Home))
 6 SYSTEMPATH/CodeIgniter.php(353): CodeIgniter\CodeIgniter->handleRequest(null, Object(Config\Cache), false)
 7 FCPATH/index.php(79): CodeIgniter\CodeIgniter->run()
 8 SYSTEMPATH/Commands/Server/rewrite.php(47): require_once('/storage/emulated/0/applications/ci4/public/index.php')
CRITICAL - 2023-10-01 00:01:59 --> syntax error, unexpected token "as", expecting ";"
in APPPATH/Models/ProductModel.php on line 40.
 1 SYSTEMPATH/Autoloader/Autoloader.php(285): CodeIgniter\Autoloader\Autoloader->includeFile('/storage/emulated/0/applications/ci4/app/Models/ProductModel.php')
 2 SYSTEMPATH/Autoloader/Autoloader.php(263): CodeIgniter\Autoloader\Autoloader->loadInNamespace('App\\Models\\ProductModel')
 3 APPPATH/Controllers/Home.php(10): CodeIgniter\Autoloader\Autoloader->loadClass('App\\Models\\ProductModel')
 4 SYSTEMPATH/CodeIgniter.php(891): App\Controllers\Home->__construct()
 5 SYSTEMPATH/CodeIgniter.php(485): CodeIgniter\CodeIgniter->createController()
 6 SYSTEMPATH/CodeIgniter.php(353): CodeIgniter\CodeIgniter->handleRequest(null, Object(Config\Cache), false)
 7 FCPATH/index.php(79): CodeIgniter\CodeIgniter->run()
 8 SYSTEMPATH/Commands/Server/rewrite.php(47): require_once('/storage/emulated/0/applications/ci4/public/index.php')
CRITICAL - 2023-10-01 00:02:30 --> syntax error, unexpected integer "6", expecting identifier or variable or "{" or "$"
in APPPATH/Views/Home/view/v_detail.php on line 3.
 1 SYSTEMPATH/View/View.php(229): CodeIgniter\View\View->CodeIgniter\View\{closure}()
 2 SYSTEMPATH/Common.php(1188): CodeIgniter\View\View->render('Home/view/v_detail', [], true)
 3 APPPATH/Controllers/Home.php(50): view('Home/view/v_detail', [...])
 4 SYSTEMPATH/CodeIgniter.php(919): App\Controllers\Home->getById('2')
 5 SYSTEMPATH/CodeIgniter.php(494): CodeIgniter\CodeIgniter->runController(Object(App\Controllers\Home))
 6 SYSTEMPATH/CodeIgniter.php(353): CodeIgniter\CodeIgniter->handleRequest(null, Object(Config\Cache), false)
 7 FCPATH/index.php(79): CodeIgniter\CodeIgniter->run()
 8 SYSTEMPATH/Commands/Server/rewrite.php(47): require_once('/storage/emulated/0/applications/ci4/public/index.php')
CRITICAL - 2023-10-01 00:02:57 --> Undefined array key "nama_produk"
in APPPATH/Views/Home/view/v_detail.php on line 3.
 1 APPPATH/Views/Home/view/v_detail.php(3): CodeIgniter\Debug\Exceptions->errorHandler(2, 'Undefined array key "nama_produk"', '/storage/emulated/0/applications/ci4/app/Views/Home/view/v_detail.php', 3)
 2 SYSTEMPATH/View/View.php(226): include('/storage/emulated/0/applications/ci4/app/Views/Home/view/v_detail.php')
 3 SYSTEMPATH/View/View.php(229): CodeIgniter\View\View->CodeIgniter\View\{closure}()
 4 SYSTEMPATH/Common.php(1188): CodeIgniter\View\View->render('Home/view/v_detail', [], true)
 5 APPPATH/Controllers/Home.php(50): view('Home/view/v_detail', [...])
 6 SYSTEMPATH/CodeIgniter.php(919): App\Controllers\Home->getById('2')
 7 SYSTEMPATH/CodeIgniter.php(494): CodeIgniter\CodeIgniter->runController(Object(App\Controllers\Home))
 8 SYSTEMPATH/CodeIgniter.php(353): CodeIgniter\CodeIgniter->handleRequest(null, Object(Config\Cache), false)
 9 FCPATH/index.php(79): CodeIgniter\CodeIgniter->run()
10 SYSTEMPATH/Commands/Server/rewrite.php(47): require_once('/storage/emulated/0/applications/ci4/public/index.php')
CRITICAL - 2023-10-01 00:03:28 --> Cannot use object of type stdClass as array
in APPPATH/Views/Home/view/v_detail.php on line 3.
 1 SYSTEMPATH/View/View.php(226): include()
 2 SYSTEMPATH/View/View.php(229): CodeIgniter\View\View->CodeIgniter\View\{closure}()
 3 SYSTEMPATH/Common.php(1188): CodeIgniter\View\View->render('Home/view/v_detail', [], true)
 4 APPPATH/Controllers/Home.php(50): view('Home/view/v_detail', [...])
 5 SYSTEMPATH/CodeIgniter.php(919): App\Controllers\Home->getById('2')
 6 SYSTEMPATH/CodeIgniter.php(494): CodeIgniter\CodeIgniter->runController(Object(App\Controllers\Home))
 7 SYSTEMPATH/CodeIgniter.php(353): CodeIgniter\CodeIgniter->handleRequest(null, Object(Config\Cache), false)
 8 FCPATH/index.php(79): CodeIgniter\CodeIgniter->run()
 9 SYSTEMPATH/Commands/Server/rewrite.php(47): require_once('/storage/emulated/0/applications/ci4/public/index.php')
CRITICAL - 2023-10-01 00:03:59 --> syntax error, unexpected integer "0", expecting identifier or variable or "{" or "$"
in APPPATH/Views/Home/view/v_detail.php on line 3.
 1 SYSTEMPATH/View/View.php(229): CodeIgniter\View\View->CodeIgniter\View\{closure}()
 2 SYSTEMPATH/Common.php(1188): CodeIgniter\View\View->render('Home/view/v_detail', [], true)
 3 APPPATH/Controllers/Home.php(50): view('Home/view/v_detail', [...])
 4 SYSTEMPATH/CodeIgniter.php(919): App\Controllers\Home->getById('2')
 5 SYSTEMPATH/CodeIgniter.php(494): CodeIgniter\CodeIgniter->runController(Object(App\Controllers\Home))
 6 SYSTEMPATH/CodeIgniter.php(353): CodeIgniter\CodeIgniter->handleRequest(null, Object(Config\Cache), false)
 7 FCPATH/index.php(79): CodeIgniter\CodeIgniter->run()
 8 SYSTEMPATH/Commands/Server/rewrite.php(47): require_once('/storage/emulated/0/applications/ci4/public/index.php')
CRITICAL - 2023-10-01 00:04:57 --> mysqli_result::fetch_object(): Argument #1 ($class) must be a valid class name, 0 given
in SYSTEMPATH/Database/MySQLi/Result.php on line 154.
 1 SYSTEMPATH/Database/MySQLi/Result.php(154): mysqli_result->fetch_object('0')
 2 SYSTEMPATH/Database/BaseResult.php(159): CodeIgniter\Database\MySQLi\Result->fetchObject('0')
 3 SYSTEMPATH/Database/BaseResult.php(114): CodeIgniter\Database\BaseResult->getCustomResultObject('0')
 4 APPPATH/Models/ProductModel.php(40): CodeIgniter\Database\BaseResult->getResult('0')
 5 APPPATH/Controllers/Home.php(48): App\Models\ProductModel->getProductById('2')
 6 SYSTEMPATH/CodeIgniter.php(919): App\Controllers\Home->getById('2')
 7 SYSTEMPATH/CodeIgniter.php(494): CodeIgniter\CodeIgniter->runController(Object(App\Controllers\Home))
 8 SYSTEMPATH/CodeIgniter.php(353): CodeIgniter\CodeIgniter->handleRequest(null, Object(Config\Cache), false)
 9 FCPATH/index.php(79): CodeIgniter\CodeIgniter->run()
10 SYSTEMPATH/Commands/Server/rewrite.php(47): require_once('/storage/emulated/0/applications/ci4/public/index.php')
CRITICAL - 2023-10-01 00:06:01 --> syntax error, unexpected integer "0", expecting identifier or variable or "{" or "$"
in APPPATH/Models/ProductModel.php on line 40.
 1 SYSTEMPATH/Autoloader/Autoloader.php(285): CodeIgniter\Autoloader\Autoloader->includeFile('/storage/emulated/0/applications/ci4/app/Models/ProductModel.php')
 2 SYSTEMPATH/Autoloader/Autoloader.php(263): CodeIgniter\Autoloader\Autoloader->loadInNamespace('App\\Models\\ProductModel')
 3 APPPATH/Controllers/Home.php(10): CodeIgniter\Autoloader\Autoloader->loadClass('App\\Models\\ProductModel')
 4 SYSTEMPATH/CodeIgniter.php(891): App\Controllers\Home->__construct()
 5 SYSTEMPATH/CodeIgniter.php(485): CodeIgniter\CodeIgniter->createController()
 6 SYSTEMPATH/CodeIgniter.php(353): CodeIgniter\CodeIgniter->handleRequest(null, Object(Config\Cache), false)
 7 FCPATH/index.php(79): CodeIgniter\CodeIgniter->run()
 8 SYSTEMPATH/Commands/Server/rewrite.php(47): require_once('/storage/emulated/0/applications/ci4/public/index.php')
CRITICAL - 2023-10-01 00:06:14 --> Call to a member function first() on array
in APPPATH/Models/ProductModel.php on line 40.
 1 APPPATH/Controllers/Home.php(48): App\Models\ProductModel->getProductById('2')
 2 SYSTEMPATH/CodeIgniter.php(919): App\Controllers\Home->getById('2')
 3 SYSTEMPATH/CodeIgniter.php(494): CodeIgniter\CodeIgniter->runController(Object(App\Controllers\Home))
 4 SYSTEMPATH/CodeIgniter.php(353): CodeIgniter\CodeIgniter->handleRequest(null, Object(Config\Cache), false)
 5 FCPATH/index.php(79): CodeIgniter\CodeIgniter->run()
 6 SYSTEMPATH/Commands/Server/rewrite.php(47): require_once('/storage/emulated/0/applications/ci4/public/index.php')
CRITICAL - 2023-10-01 00:06:41 --> Call to a member function getResultObject() on array
in APPPATH/Models/ProductModel.php on line 40.
 1 APPPATH/Controllers/Home.php(48): App\Models\ProductModel->getProductById('2')
 2 SYSTEMPATH/CodeIgniter.php(919): App\Controllers\Home->getById('2')
 3 SYSTEMPATH/CodeIgniter.php(494): CodeIgniter\CodeIgniter->runController(Object(App\Controllers\Home))
 4 SYSTEMPATH/CodeIgniter.php(353): CodeIgniter\CodeIgniter->handleRequest(null, Object(Config\Cache), false)
 5 FCPATH/index.php(79): CodeIgniter\CodeIgniter->run()
 6 SYSTEMPATH/Commands/Server/rewrite.php(47): require_once('/storage/emulated/0/applications/ci4/public/index.php')
CRITICAL - 2023-10-01 00:07:00 --> Call to a member function get() on array
in APPPATH/Models/ProductModel.php on line 39.
 1 APPPATH/Controllers/Home.php(48): App\Models\ProductModel->getProductById('2')
 2 SYSTEMPATH/CodeIgniter.php(919): App\Controllers\Home->getById('2')
 3 SYSTEMPATH/CodeIgniter.php(494): CodeIgniter\CodeIgniter->runController(Object(App\Controllers\Home))
 4 SYSTEMPATH/CodeIgniter.php(353): CodeIgniter\CodeIgniter->handleRequest(null, Object(Config\Cache), false)
 5 FCPATH/index.php(79): CodeIgniter\CodeIgniter->run()
 6 SYSTEMPATH/Commands/Server/rewrite.php(47): require_once('/storage/emulated/0/applications/ci4/public/index.php')
CRITICAL - 2023-10-01 00:08:04 --> Attempt to read property "nama_produk" on array
in APPPATH/Views/Home/view/v_detail.php on line 3.
 1 APPPATH/Views/Home/view/v_detail.php(3): CodeIgniter\Debug\Exceptions->errorHandler(2, 'Attempt to read property "nama_produk" on array', '/storage/emulated/0/applications/ci4/app/Views/Home/view/v_detail.php', 3)
 2 SYSTEMPATH/View/View.php(226): include('/storage/emulated/0/applications/ci4/app/Views/Home/view/v_detail.php')
 3 SYSTEMPATH/View/View.php(229): CodeIgniter\View\View->CodeIgniter\View\{closure}()
 4 SYSTEMPATH/Common.php(1188): CodeIgniter\View\View->render('Home/view/v_detail', [], true)
 5 APPPATH/Controllers/Home.php(50): view('Home/view/v_detail', [...])
 6 SYSTEMPATH/CodeIgniter.php(919): App\Controllers\Home->getById('2')
 7 SYSTEMPATH/CodeIgniter.php(494): CodeIgniter\CodeIgniter->runController(Object(App\Controllers\Home))
 8 SYSTEMPATH/CodeIgniter.php(353): CodeIgniter\CodeIgniter->handleRequest(null, Object(Config\Cache), false)
 9 FCPATH/index.php(79): CodeIgniter\CodeIgniter->run()
10 SYSTEMPATH/Commands/Server/rewrite.php(47): require_once('/storage/emulated/0/applications/ci4/public/index.php')
CRITICAL - 2023-10-01 00:14:01 --> syntax error, unexpected token "}"
in APPPATH/Models/ProductModel.php on line 43.
 1 SYSTEMPATH/Autoloader/Autoloader.php(285): CodeIgniter\Autoloader\Autoloader->includeFile('/storage/emulated/0/applications/ci4/app/Models/ProductModel.php')
 2 SYSTEMPATH/Autoloader/Autoloader.php(263): CodeIgniter\Autoloader\Autoloader->loadInNamespace('App\\Models\\ProductModel')
 3 APPPATH/Controllers/Home.php(10): CodeIgniter\Autoloader\Autoloader->loadClass('App\\Models\\ProductModel')
 4 SYSTEMPATH/CodeIgniter.php(891): App\Controllers\Home->__construct()
 5 SYSTEMPATH/CodeIgniter.php(485): CodeIgniter\CodeIgniter->createController()
 6 SYSTEMPATH/CodeIgniter.php(353): CodeIgniter\CodeIgniter->handleRequest(null, Object(Config\Cache), false)
 7 FCPATH/index.php(79): CodeIgniter\CodeIgniter->run()
 8 SYSTEMPATH/Commands/Server/rewrite.php(47): require_once('/storage/emulated/0/applications/ci4/public/index.php')
CRITICAL - 2023-10-01 00:14:20 --> Undefined property: CodeIgniter\Database\MySQLi\Result::$getResult
in APPPATH/Models/ProductModel.php on line 41.
 1 APPPATH/Models/ProductModel.php(41): CodeIgniter\Debug\Exceptions->errorHandler(2, 'Undefined property: CodeIgniter\\Database\\MySQLi\\Result::$getResult', '/storage/emulated/0/applications/ci4/app/Models/ProductModel.php', 41)
 2 APPPATH/Controllers/Home.php(48): App\Models\ProductModel->getProductById('2')
 3 SYSTEMPATH/CodeIgniter.php(919): App\Controllers\Home->getById('2')
 4 SYSTEMPATH/CodeIgniter.php(494): CodeIgniter\CodeIgniter->runController(Object(App\Controllers\Home))
 5 SYSTEMPATH/CodeIgniter.php(353): CodeIgniter\CodeIgniter->handleRequest(null, Object(Config\Cache), false)
 6 FCPATH/index.php(79): CodeIgniter\CodeIgniter->run()
 7 SYSTEMPATH/Commands/Server/rewrite.php(47): require_once('/storage/emulated/0/applications/ci4/public/index.php')
CRITICAL - 2023-10-01 00:14:37 --> Undefined variable $product
in APPPATH/Views/Home/components/img-slider.php on line 5.
 1 APPPATH/Views/Home/components/img-slider.php(5): CodeIgniter\Debug\Exceptions->errorHandler(2, 'Undefined variable $product', '/storage/emulated/0/applications/ci4/app/Views/Home/components/img-slider.php', 5)
 2 SYSTEMPATH/View/View.php(226): include('/storage/emulated/0/applications/ci4/app/Views/Home/components/img-slider.php')
 3 SYSTEMPATH/View/View.php(229): CodeIgniter\View\View->CodeIgniter\View\{closure}()
 4 SYSTEMPATH/View/View.php(467): CodeIgniter\View\View->render('Home/components/img-slider', null, true)
 5 APPPATH/Views/Home/view/v_detail.php(3): CodeIgniter\View\View->include('Home/components/img-slider')
 6 SYSTEMPATH/View/View.php(226): include('/storage/emulated/0/applications/ci4/app/Views/Home/view/v_detail.php')
 7 SYSTEMPATH/View/View.php(229): CodeIgniter\View\View->CodeIgniter\View\{closure}()
 8 SYSTEMPATH/Common.php(1188): CodeIgniter\View\View->render('Home/view/v_detail', [], true)
 9 APPPATH/Controllers/Home.php(50): view('Home/view/v_detail', [...])
10 SYSTEMPATH/CodeIgniter.php(919): App\Controllers\Home->getById('2')
11 SYSTEMPATH/CodeIgniter.php(494): CodeIgniter\CodeIgniter->runController(Object(App\Controllers\Home))
12 SYSTEMPATH/CodeIgniter.php(353): CodeIgniter\CodeIgniter->handleRequest(null, Object(Config\Cache), false)
13 FCPATH/index.php(79): CodeIgniter\CodeIgniter->run()
14 SYSTEMPATH/Commands/Server/rewrite.php(47): require_once('/storage/emulated/0/applications/ci4/public/index.php')
CRITICAL - 2023-10-01 01:12:30 --> Call to a member function get() on array
in APPPATH/Models/ProductModel.php on line 24.
 1 APPPATH/Controllers/Home.php(16): App\Models\ProductModel->getProduct()
 2 SYSTEMPATH/CodeIgniter.php(919): App\Controllers\Home->index()
 3 SYSTEMPATH/CodeIgniter.php(494): CodeIgniter\CodeIgniter->runController(Object(App\Controllers\Home))
 4 SYSTEMPATH/CodeIgniter.php(353): CodeIgniter\CodeIgniter->handleRequest(null, Object(Config\Cache), false)
 5 FCPATH/index.php(79): CodeIgniter\CodeIgniter->run()
 6 SYSTEMPATH/Commands/Server/rewrite.php(47): require_once('/storage/emulated/0/applications/ci4/public/index.php')
CRITICAL - 2023-10-01 01:13:25 --> Call to a member function paginate() on array
in APPPATH/Models/ProductModel.php on line 25.
 1 APPPATH/Controllers/Home.php(16): App\Models\ProductModel->getProduct()
 2 SYSTEMPATH/CodeIgniter.php(919): App\Controllers\Home->index()
 3 SYSTEMPATH/CodeIgniter.php(494): CodeIgniter\CodeIgniter->runController(Object(App\Controllers\Home))
 4 SYSTEMPATH/CodeIgniter.php(353): CodeIgniter\CodeIgniter->handleRequest(null, Object(Config\Cache), false)
 5 FCPATH/index.php(79): CodeIgniter\CodeIgniter->run()
 6 SYSTEMPATH/Commands/Server/rewrite.php(47): require_once('/storage/emulated/0/applications/ci4/public/index.php')
CRITICAL - 2023-10-01 01:13:51 --> Cannot use object of type stdClass as array
in APPPATH/Views/Home/components/card.php on line 3.
 1 SYSTEMPATH/View/View.php(226): include()
 2 SYSTEMPATH/View/View.php(229): CodeIgniter\View\View->CodeIgniter\View\{closure}()
 3 SYSTEMPATH/View/View.php(467): CodeIgniter\View\View->render('Home/components/card', null, true)
 4 APPPATH/Views/Home/view/v_home.php(12): CodeIgniter\View\View->include('Home/components/card')
 5 SYSTEMPATH/View/View.php(226): include('/storage/emulated/0/applications/ci4/app/Views/Home/view/v_home.php')
 6 SYSTEMPATH/View/View.php(229): CodeIgniter\View\View->CodeIgniter\View\{closure}()
 7 SYSTEMPATH/Common.php(1188): CodeIgniter\View\View->render('Home/view/v_home', [], true)
 8 APPPATH/Controllers/Home.php(19): view('Home/view/v_home', [...])
 9 SYSTEMPATH/CodeIgniter.php(919): App\Controllers\Home->index()
10 SYSTEMPATH/CodeIgniter.php(494): CodeIgniter\CodeIgniter->runController(Object(App\Controllers\Home))
11 SYSTEMPATH/CodeIgniter.php(353): CodeIgniter\CodeIgniter->handleRequest(null, Object(Config\Cache), false)
12 FCPATH/index.php(79): CodeIgniter\CodeIgniter->run()
13 SYSTEMPATH/Commands/Server/rewrite.php(47): require_once('/storage/emulated/0/applications/ci4/public/index.php')
CRITICAL - 2023-10-01 01:15:29 --> syntax error, unexpected variable "$price"
in APPPATH/Views/Home/components/card.php on line 13.
 1 SYSTEMPATH/View/View.php(229): CodeIgniter\View\View->CodeIgniter\View\{closure}()
 2 SYSTEMPATH/View/View.php(467): CodeIgniter\View\View->render('Home/components/card', null, true)
 3 APPPATH/Views/Home/view/v_home.php(12): CodeIgniter\View\View->include('Home/components/card')
 4 SYSTEMPATH/View/View.php(226): include('/storage/emulated/0/applications/ci4/app/Views/Home/view/v_home.php')
 5 SYSTEMPATH/View/View.php(229): CodeIgniter\View\View->CodeIgniter\View\{closure}()
 6 SYSTEMPATH/Common.php(1188): CodeIgniter\View\View->render('Home/view/v_home', [], true)
 7 APPPATH/Controllers/Home.php(19): view('Home/view/v_home', [...])
 8 SYSTEMPATH/CodeIgniter.php(919): App\Controllers\Home->index()
 9 SYSTEMPATH/CodeIgniter.php(494): CodeIgniter\CodeIgniter->runController(Object(App\Controllers\Home))
10 SYSTEMPATH/CodeIgniter.php(353): CodeIgniter\CodeIgniter->handleRequest(null, Object(Config\Cache), false)
11 FCPATH/index.php(79): CodeIgniter\CodeIgniter->run()
12 SYSTEMPATH/Commands/Server/rewrite.php(47): require_once('/storage/emulated/0/applications/ci4/public/index.php')
CRITICAL - 2023-10-01 01:15:56 --> Attempt to read property "id" on array
in APPPATH/Views/Home/components/card.php on line 3.
 1 APPPATH/Views/Home/components/card.php(3): CodeIgniter\Debug\Exceptions->errorHandler(2, 'Attempt to read property "id" on array', '/storage/emulated/0/applications/ci4/app/Views/Home/components/card.php', 3)
 2 SYSTEMPATH/View/View.php(226): include('/storage/emulated/0/applications/ci4/app/Views/Home/components/card.php')
 3 SYSTEMPATH/View/View.php(229): CodeIgniter\View\View->CodeIgniter\View\{closure}()
 4 SYSTEMPATH/View/View.php(467): CodeIgniter\View\View->render('Home/components/card', null, true)
 5 APPPATH/Views/Home/view/v_order.php(5): CodeIgniter\View\View->include('Home/components/card')
 6 SYSTEMPATH/View/View.php(226): include('/storage/emulated/0/applications/ci4/app/Views/Home/view/v_order.php')
 7 SYSTEMPATH/View/View.php(229): CodeIgniter\View\View->CodeIgniter\View\{closure}()
 8 SYSTEMPATH/Common.php(1188): CodeIgniter\View\View->render('Home/view/v_order', [], true)
 9 APPPATH/Controllers/Home.php(43): view('Home/view/v_order', [...])
10 SYSTEMPATH/CodeIgniter.php(919): App\Controllers\Home->order()
11 SYSTEMPATH/CodeIgniter.php(494): CodeIgniter\CodeIgniter->runController(Object(App\Controllers\Home))
12 SYSTEMPATH/CodeIgniter.php(353): CodeIgniter\CodeIgniter->handleRequest(null, Object(Config\Cache), false)
13 FCPATH/index.php(79): CodeIgniter\CodeIgniter->run()
14 SYSTEMPATH/Commands/Server/rewrite.php(47): require_once('/storage/emulated/0/applications/ci4/public/index.php')
CRITICAL - 2023-10-01 01:18:59 --> syntax error, unexpected variable "$this"
in APPPATH/Models/ProductModel.php on line 35.
 1 SYSTEMPATH/Autoloader/Autoloader.php(285): CodeIgniter\Autoloader\Autoloader->includeFile('/storage/emulated/0/applications/ci4/app/Models/ProductModel.php')
 2 SYSTEMPATH/Autoloader/Autoloader.php(263): CodeIgniter\Autoloader\Autoloader->loadInNamespace('App\\Models\\ProductModel')
 3 APPPATH/Controllers/Home.php(10): CodeIgniter\Autoloader\Autoloader->loadClass('App\\Models\\ProductModel')
 4 SYSTEMPATH/CodeIgniter.php(891): App\Controllers\Home->__construct()
 5 SYSTEMPATH/CodeIgniter.php(485): CodeIgniter\CodeIgniter->createController()
 6 SYSTEMPATH/CodeIgniter.php(353): CodeIgniter\CodeIgniter->handleRequest(null, Object(Config\Cache), false)
 7 FCPATH/index.php(79): CodeIgniter\CodeIgniter->run()
 8 SYSTEMPATH/Commands/Server/rewrite.php(47): require_once('/storage/emulated/0/applications/ci4/public/index.php')
CRITICAL - 2023-10-01 01:29:07 --> Attempt to read property "diskon_produk" on array
in APPPATH/Views/Home/components/card.php on line 4.
 1 APPPATH/Views/Home/components/card.php(4): CodeIgniter\Debug\Exceptions->errorHandler(2, 'Attempt to read property "diskon_produk" on array', '/storage/emulated/0/applications/ci4/app/Views/Home/components/card.php', 4)
 2 SYSTEMPATH/View/View.php(226): include('/storage/emulated/0/applications/ci4/app/Views/Home/components/card.php')
 3 SYSTEMPATH/View/View.php(229): CodeIgniter\View\View->CodeIgniter\View\{closure}()
 4 SYSTEMPATH/View/View.php(467): CodeIgniter\View\View->render('Home/components/card', null, true)
 5 APPPATH/Views/Home/view/v_order.php(5): CodeIgniter\View\View->include('Home/components/card')
 6 SYSTEMPATH/View/View.php(226): include('/storage/emulated/0/applications/ci4/app/Views/Home/view/v_order.php')
 7 SYSTEMPATH/View/View.php(229): CodeIgniter\View\View->CodeIgniter\View\{closure}()
 8 SYSTEMPATH/Common.php(1188): CodeIgniter\View\View->render('Home/view/v_order', [], true)
 9 APPPATH/Controllers/Home.php(43): view('Home/view/v_order', [...])
10 SYSTEMPATH/CodeIgniter.php(919): App\Controllers\Home->order()
11 SYSTEMPATH/CodeIgniter.php(494): CodeIgniter\CodeIgniter->runController(Object(App\Controllers\Home))
12 SYSTEMPATH/CodeIgniter.php(353): CodeIgniter\CodeIgniter->handleRequest(null, Object(Config\Cache), false)
13 FCPATH/index.php(79): CodeIgniter\CodeIgniter->run()
14 SYSTEMPATH/Commands/Server/rewrite.php(47): require_once('/storage/emulated/0/applications/ci4/public/index.php')
ERROR - 2023-10-01 02:10:12 --> mysqli_sql_exception: You have an error in your SQL syntax; check the manual that corresponds to your MySQL server version for the right syntax to use near '0) VALUES (:0:)' at line 1 in /storage/emulated/0/applications/ci4/vendor/codeigniter4/framework/system/Database/MySQLi/Connection.php:306
Stack trace:
#0 /storage/emulated/0/applications/ci4/vendor/codeigniter4/framework/system/Database/MySQLi/Connection.php(306): mysqli->query('INSERT INTO `pr...', 0)
#1 /storage/emulated/0/applications/ci4/vendor/codeigniter4/framework/system/Database/BaseConnection.php(692): CodeIgniter\Database\MySQLi\Connection->execute('INSERT INTO `pr...')
#2 /storage/emulated/0/applications/ci4/vendor/codeigniter4/framework/system/Database/BaseConnection.php(606): CodeIgniter\Database\BaseConnection->simpleQuery('INSERT INTO `pr...')
#3 /storage/emulated/0/applications/ci4/vendor/codeigniter4/framework/system/Database/BaseBuilder.php(2308): CodeIgniter\Database\BaseConnection->query('INSERT INTO `pr...', Array, false)
#4 /storage/emulated/0/applications/ci4/app/Database/Seeds/ProductSeeder.php(29): CodeIgniter\Database\BaseBuilder->insert(Array)
#5 /storage/emulated/0/applications/ci4/vendor/codeigniter4/framework/system/Database/Seeder.php(146): App\Database\Seeds\ProductSeeder->run()
#6 /storage/emulated/0/applications/ci4/vendor/codeigniter4/framework/system/Commands/Database/Seed.php(77): CodeIgniter\Database\Seeder->call('App\\Database\\Se...')
#7 /storage/emulated/0/applications/ci4/vendor/codeigniter4/framework/system/CLI/Commands.php(65): CodeIgniter\Commands\Database\Seed->run(Array)
#8 /storage/emulated/0/applications/ci4/vendor/codeigniter4/framework/system/CLI/Console.php(37): CodeIgniter\CLI\Commands->run('db:seed', Array)
#9 /storage/emulated/0/applications/ci4/spark(102): CodeIgniter\CLI\Console->run()
#10 {main}
